Log file open, 10/24/20 20:12:05
LogWindows: Failed to load 'aqProf.dll' (GetLastError=126)
LogWindows: File 'aqProf.dll' does not exist
LogWindows: Failed to load 'VtuneApi.dll' (GetLastError=126)
LogWindows: File 'VtuneApi.dll' does not exist
LogWindows: Failed to load 'VtuneApi32e.dll' (GetLastError=126)
LogWindows: File 'VtuneApi32e.dll' does not exist
LogConsoleResponse: Display: Failed to find resolution value strings in scalability ini. Falling back to default.
LogInit: Display: Running engine for game: Project1
LogPakFile: Registered encryption key '00000000000000000000000000000000': 0 pak files mounted, 0 remain pending
LogPlatformFile: Not using cached read wrapper
LogTaskGraph: Started task graph with 5 named threads and 23 total threads with 3 sets of task threads.
LogStats: Stats thread started at 0.314960
LogD3D11RHI: Loaded GFSDK_Aftermath_Lib.x64.dll
LogICUInternationalization: ICU TimeZone Detection - Raw Offset: -5:00, Platform Override: ''
LogPluginManager: Mounting plugin Paper2D
LogPluginManager: Mounting plugin AISupport
LogPluginManager: Mounting plugin LightPropagationVolume
LogPluginManager: Mounting plugin ActorLayerUtilities
LogPluginManager: Mounting plugin AnimationSharing
LogPluginManager: Mounting plugin CLionSourceCodeAccess
LogPluginManager: Mounting plugin CodeLiteSourceCodeAccess
LogPluginManager: Mounting plugin GitSourceControl
LogPluginManager: Mounting plugin KDevelopSourceCodeAccess
LogPluginManager: Mounting plugin NullSourceCodeAccess
LogPluginManager: Mounting plugin PerforceSourceControl
LogPluginManager: Mounting plugin SubversionSourceControl
LogPluginManager: Mounting plugin UObjectPlugin
LogPluginManager: Mounting plugin VisualStudioCodeSourceCodeAccess
LogPluginManager: Mounting plugin VisualStudioSourceCodeAccess
LogPluginManager: Mounting plugin XCodeSourceCodeAccess
LogPluginManager: Mounting plugin AssetManagerEditor
LogPluginManager: Mounting plugin CryptoKeys
LogPluginManager: Mounting plugin DataValidation
LogPluginManager: Mounting plugin FacialAnimation
LogPluginManager: Mounting plugin GameplayTagsEditor
LogPluginManager: Mounting plugin MacGraphicsSwitching
LogPluginManager: Mounting plugin MaterialAnalyzer
LogPluginManager: Mounting plugin MobileLauncherProfileWizard
LogPluginManager: Mounting plugin PluginBrowser
LogPluginManager: Mounting plugin SpeedTreeImporter
LogPluginManager: Mounting plugin DatasmithContent
LogPluginManager: Mounting plugin VariantManagerContent
LogPluginManager: Mounting plugin AlembicImporter
LogPluginManager: Mounting plugin AppleImageUtils
LogPluginManager: Mounting plugin AppleVision
LogPluginManager: Mounting plugin BackChannel
LogPluginManager: Mounting plugin CharacterAI
LogPluginManager: Mounting plugin GeometryCache
LogPluginManager: Mounting plugin HTML5Networking
LogPluginManager: Mounting plugin ProxyLODPlugin
LogPluginManager: Mounting plugin SkeletalReduction
LogPluginManager: Mounting plugin MagicLeap
LogPluginManager: Mounting plugin MagicLeapMedia
LogPluginManager: Mounting plugin AndroidMedia
LogPluginManager: Mounting plugin AvfMedia
LogPluginManager: Mounting plugin ImgMedia
LogPluginManager: Mounting plugin LinearTimecode
LogPluginManager: Mounting plugin MediaCompositing
LogPluginManager: Mounting plugin MediaPlayerEditor
LogPluginManager: Mounting plugin WebMMedia
LogPluginManager: Mounting plugin WmfMedia
LogPluginManager: Mounting plugin TcpMessaging
LogPluginManager: Mounting plugin UdpMessaging
LogPluginManager: Mounting plugin ActorSequence
LogPluginManager: Mounting plugin LevelSequenceEditor
LogPluginManager: Mounting plugin MatineeToLevelSequence
LogPluginManager: Mounting plugin NetcodeUnitTest
LogPluginManager: Mounting plugin NUTUnrealEngine4
LogPluginManager: Mounting plugin OnlineSubsystemGooglePlay
LogPluginManager: Mounting plugin OnlineSubsystemIOS
LogPluginManager: Mounting plugin OnlineSubsystem
LogPluginManager: Mounting plugin OnlineSubsystemNull
LogPluginManager: Mounting plugin OnlineSubsystemUtils
LogPluginManager: Mounting plugin LauncherChunkInstaller
LogPluginManager: Mounting plugin AndroidDeviceProfileSelector
LogPluginManager: Mounting plugin AndroidMoviePlayer
LogPluginManager: Mounting plugin AndroidPermission
LogPluginManager: Mounting plugin AppleMoviePlayer
LogPluginManager: Mounting plugin ArchVisCharacter
LogPluginManager: Mounting plugin AudioCapture
LogPluginManager: Mounting plugin CableComponent
LogPluginManager: Mounting plugin CustomMeshComponent
LogPluginManager: Mounting plugin EditableMesh
LogPluginManager: Mounting plugin ExampleDeviceProfileSelector
LogPluginManager: Mounting plugin Firebase
LogPluginManager: Mounting plugin GoogleCloudMessaging
LogPluginManager: Mounting plugin IOSDeviceProfileSelector
LogPluginManager: Mounting plugin LinuxDeviceProfileSelector
LogPluginManager: Mounting plugin LocationServicesBPLibrary
LogPluginManager: Mounting plugin MobilePatchingUtils
LogPluginManager: Mounting plugin OculusVR
LogPluginManager: Mounting plugin PhysXVehicles
LogPluginManager: Mounting plugin ProceduralMeshComponent
LogPluginManager: Mounting plugin RuntimePhysXCooking
LogPluginManager: Mounting plugin SignificanceManager
LogPluginManager: Mounting plugin SteamVR
LogPluginManager: Mounting plugin WebMMoviePlayer
LogPluginManager: Mounting plugin WindowsMoviePlayer
LogInit: Using libcurl 7.55.1-DEV
LogInit:  - built for x86_64-pc-win32
LogInit:  - supports SSL with OpenSSL/1.1.1
LogInit:  - supports HTTP deflate (compression) using libz 1.2.8
LogInit:  - other features:
LogInit:      CURL_VERSION_SSL
LogInit:      CURL_VERSION_LIBZ
LogInit:      CURL_VERSION_IPV6
LogInit:      CURL_VERSION_ASYNCHDNS
LogInit:      CURL_VERSION_LARGEFILE
LogInit:      CURL_VERSION_IDN
LogInit:  CurlRequestOptions (configurable via config and command line):
LogInit:  - bVerifyPeer = true  - Libcurl will verify peer certificate
LogInit:  - bUseHttpProxy = false  - Libcurl will NOT use HTTP proxy
LogInit:  - bDontReuseConnections = false  - Libcurl will reuse connections
LogInit:  - MaxHostConnections = 16  - Libcurl will limit the number of connections to a host
LogInit:  - LocalHostAddr = Default
LogInit:  - BufferSize = 65536
LogInit: WinSock: version 1.1 (2.2), MaxSocks=32767, MaxUdp=65467
LogInit: Build: ++UE4+Release-4.22-CL-7053642
LogInit: Engine Version: 4.22.3-7053642+++UE4+Release-4.22
LogInit: Compatible Engine Version: 4.22.0-5660361+++UE4+Release-4.22
LogInit: Net CL: 5660361
LogInit: OS: Windows 10 (Release 1903) (), CPU: Intel(R) Core(TM) i7-7700HQ CPU @ 2.80GHz, GPU: Intel(R) HD Graphics 630
LogInit: Compiled (64-bit): Jun 18 2019 03:09:11
LogInit: Compiled with Visual C++: 19.16.27025.01
LogInit: Build Configuration: Development
LogInit: Branch Name: ++UE4+Release-4.22
LogInit: Command Line:  -EpicPortal -epicusername=sttauf -epicuserid=4ab0484f3ff14252b5efd846b6a632d0 -epiclocale=pt-BR
LogInit: Base Directory: C:/Program Files/Epic Games/UE_4.22/Engine/Binaries/Win64/
LogInit: Installed Engine Build: 1
LogDevObjectVersion: Number of dev versions registered: 23
LogDevObjectVersion:   Dev-Blueprints (B0D832E4-1F89-4F0D-ACCF-7EB736FD4AA2): 10
LogDevObjectVersion:   Dev-Build (E1C64328-A22C-4D53-A36C-8E866417BD8C): 0
LogDevObjectVersion:   Dev-Core (375EC13C-06E4-48FB-B500-84F0262A717E): 3
LogDevObjectVersion:   Dev-Editor (E4B068ED-F494-42E9-A231-DA0B2E46BB41): 30
LogDevObjectVersion:   Dev-Framework (CFFC743F-43B0-4480-9391-14DF171D2073): 35
LogDevObjectVersion:   Dev-Mobile (B02B49B5-BB20-44E9-A304-32B752E40360): 2
LogDevObjectVersion:   Dev-Networking (A4E4105C-59A1-49B5-A7C5-40C4547EDFEE): 0
LogDevObjectVersion:   Dev-Online (39C831C9-5AE6-47DC-9A44-9C173E1C8E7C): 0
LogDevObjectVersion:   Dev-Physics (78F01B33-EBEA-4F98-B9B4-84EACCB95AA2): 0
LogDevObjectVersion:   Dev-Platform (6631380F-2D4D-43E0-8009-CF276956A95A): 0
LogDevObjectVersion:   Dev-Rendering (12F88B9F-8875-4AFC-A67C-D90C383ABD29): 28
LogDevObjectVersion:   Dev-Sequencer (7B5AE74C-D270-4C10-A958-57980B212A5A): 11
LogDevObjectVersion:   Dev-VR (D7296918-1DD6-4BDD-9DE2-64A83CC13884): 2
LogDevObjectVersion:   Dev-LoadTimes (C2A15278-BFE7-4AFE-6C17-90FF531DF755): 1
LogDevObjectVersion:   Private-Geometry (6EACA3D4-40EC-4CC1-B786-8BED09428FC5): 3
LogDevObjectVersion:   Dev-AnimPhys (29E575DD-E0A3-4627-9D10-D276232CDCEA): 17
LogDevObjectVersion:   Dev-Anim (AF43A65D-7FD3-4947-9873-3E8ED9C1BB05): 2
LogDevObjectVersion:   Dev-ReflectionCapture (6B266CEC-1EC7-4B8F-A30B-E4D90942FC07): 1
LogDevObjectVersion:   Dev-Automation (0DF73D61-A23F-47EA-B727-89E90C41499A): 1
LogDevObjectVersion:   FortniteMain (601D1886-AC64-4F84-AA16-D3DE0DEAC7D6): 25
LogDevObjectVersion:   Dev-Enterprise (9DFFBCD6-494F-0158-E221-12823C92A888): 6
LogDevObjectVersion:   Dev-Niagara (F2AED0AC-9AFE-416F-8664-AA7FFA26D6FC): 1
LogDevObjectVersion:   Dev-Destruction (174F1F0B-B4C6-45A5-B13F-2EE8D0FB917D): 2
LogInit: Presizing for max 16777216 objects, including 0 objects not considered by GC, pre-allocating 0 bytes for permanent pool.
LogInit: Object subsystem initialized
LogConfig: Setting CVar [[con.DebugEarlyDefault:1]]
LogConfig: Setting CVar [[r.setres:1280x720]]
[2020.10.25-00.12.06:088][  0]LogConfig: Setting CVar [[r.VSync:0]]
[2020.10.25-00.12.06:088][  0]LogConfig: Setting CVar [[r.RHICmdBypass:0]]
[2020.10.25-00.12.06:088][  0]LogConfig: Applying CVar settings from Section [/Script/Engine.RendererSettings] File [C:/Users/sttau/OneDrive/Documentos/GitHub/Project1/Project1/Saved/Config/Windows/Engine.ini]
[2020.10.25-00.12.06:088][  0]LogConfig: Setting CVar [[r.GPUCrashDebugging:0]]
[2020.10.25-00.12.06:088][  0]LogConfig: Applying CVar settings from Section [/Script/Engine.RendererOverrideSettings] File [C:/Users/sttau/OneDrive/Documentos/GitHub/Project1/Project1/Saved/Config/Windows/Engine.ini]
[2020.10.25-00.12.06:088][  0]LogConfig: Applying CVar settings from Section [/Script/Engine.StreamingSettings] File [C:/Users/sttau/OneDrive/Documentos/GitHub/Project1/Project1/Saved/Config/Windows/Engine.ini]
[2020.10.25-00.12.06:088][  0]LogConfig: Setting CVar [[s.MinBulkDataSizeForAsyncLoading:131072]]
[2020.10.25-00.12.06:088][  0]LogConfig: Setting CVar [[s.AsyncLoadingThreadEnabled:0]]
[2020.10.25-00.12.06:088][  0]LogConfig: Setting CVar [[s.EventDrivenLoaderEnabled:1]]
[2020.10.25-00.12.06:088][  0]LogConfig: Setting CVar [[s.WarnIfTimeLimitExceeded:0]]
[2020.10.25-00.12.06:088][  0]LogConfig: Setting CVar [[s.TimeLimitExceededMultiplier:1.5]]
[2020.10.25-00.12.06:089][  0]LogConfig: Setting CVar [[s.TimeLimitExceededMinTime:0.005]]
[2020.10.25-00.12.06:089][  0]LogConfig: Setting CVar [[s.UseBackgroundLevelStreaming:1]]
[2020.10.25-00.12.06:089][  0]LogConfig: Setting CVar [[s.PriorityAsyncLoadingExtraTime:15.0]]
[2020.10.25-00.12.06:089][  0]LogConfig: Setting CVar [[s.LevelStreamingActorsUpdateTimeLimit:5.0]]
[2020.10.25-00.12.06:089][  0]LogConfig: Setting CVar [[s.PriorityLevelStreamingActorsUpdateExtraTime:5.0]]
[2020.10.25-00.12.06:089][  0]LogConfig: Setting CVar [[s.LevelStreamingComponentsRegistrationGranularity:10]]
[2020.10.25-00.12.06:089][  0]LogConfig: Setting CVar [[s.UnregisterComponentsTimeLimit:1.0]]
[2020.10.25-00.12.06:089][  0]LogConfig: Setting CVar [[s.LevelStreamingComponentsUnregistrationGranularity:5]]
[2020.10.25-00.12.06:089][  0]LogConfig: Applying CVar settings from Section [/Script/Engine.GarbageCollectionSettings] File [C:/Users/sttau/OneDrive/Documentos/GitHub/Project1/Project1/Saved/Config/Windows/Engine.ini]
[2020.10.25-00.12.06:089][  0]LogConfig: Setting CVar [[gc.MaxObjectsNotConsideredByGC:1]]
[2020.10.25-00.12.06:089][  0]LogConfig: Setting CVar [[gc.SizeOfPermanentObjectPool:0]]
[2020.10.25-00.12.06:089][  0]LogConfig: Setting CVar [[gc.FlushStreamingOnGC:0]]
[2020.10.25-00.12.06:089][  0]LogConfig: Setting CVar [[gc.NumRetriesBeforeForcingGC:10]]
[2020.10.25-00.12.06:089][  0]LogConfig: Setting CVar [[gc.AllowParallelGC:1]]
[2020.10.25-00.12.06:089][  0]LogConfig: Setting CVar [[gc.TimeBetweenPurgingPendingKillObjects:61.1]]
[2020.10.25-00.12.06:089][  0]LogConfig: Setting CVar [[gc.MaxObjectsInEditor:16777216]]
[2020.10.25-00.12.06:089][  0]LogConfig: Setting CVar [[gc.IncrementalBeginDestroyEnabled:1]]
[2020.10.25-00.12.06:089][  0]LogConfig: Setting CVar [[gc.CreateGCClusters:1]]
[2020.10.25-00.12.06:089][  0]LogConfig: Setting CVar [[gc.MinGCClusterSize:5]]
[2020.10.25-00.12.06:089][  0]LogConfig: Setting CVar [[gc.ActorClusteringEnabled:0]]
[2020.10.25-00.12.06:089][  0]LogConfig: Setting CVar [[gc.BlueprintClusteringEnabled:0]]
[2020.10.25-00.12.06:090][  0]LogConfig: Setting CVar [[gc.UseDisregardForGCOnDedicatedServers:0]]
[2020.10.25-00.12.06:090][  0]LogConfig: Applying CVar settings from Section [/Script/Engine.NetworkSettings] File [C:/Users/sttau/OneDrive/Documentos/GitHub/Project1/Project1/Saved/Config/Windows/Engine.ini]
[2020.10.25-00.12.06:090][  0]LogConfig: Applying CVar settings from Section [/Script/UnrealEd.CookerSettings] File [C:/Users/sttau/OneDrive/Documentos/GitHub/Project1/Project1/Saved/Config/Windows/Engine.ini]
[2020.10.25-00.12.06:093][  0]LogConfig: Applying CVar settings from Section [ViewDistanceQuality@3] File [C:/Users/sttau/OneDrive/Documentos/GitHub/Project1/Project1/Saved/Config/Windows/Scalability.ini]
[2020.10.25-00.12.06:093][  0]LogConfig: Setting CVar [[r.SkeletalMeshLODBias:0]]
[2020.10.25-00.12.06:093][  0]LogConfig: Setting CVar [[r.ViewDistanceScale:1.0]]
[2020.10.25-00.12.06:093][  0]LogConfig: Applying CVar settings from Section [AntiAliasingQuality@3] File [C:/Users/sttau/OneDrive/Documentos/GitHub/Project1/Project1/Saved/Config/Windows/Scalability.ini]
[2020.10.25-00.12.06:093][  0]LogConfig: Setting CVar [[r.PostProcessAAQuality:4]]
[2020.10.25-00.12.06:093][  0]LogConfig: Applying CVar settings from Section [ShadowQuality@3] File [C:/Users/sttau/OneDrive/Documentos/GitHub/Project1/Project1/Saved/Config/Windows/Scalability.ini]
[2020.10.25-00.12.06:093][  0]LogConfig: Setting CVar [[r.LightFunctionQuality:1]]
[2020.10.25-00.12.06:093][  0]LogConfig: Setting CVar [[r.ShadowQuality:5]]
[2020.10.25-00.12.06:093][  0]LogConfig: Setting CVar [[r.Shadow.CSM.MaxCascades:10]]
[2020.10.25-00.12.06:093][  0]LogConfig: Setting CVar [[r.Shadow.MaxResolution:2048]]
[2020.10.25-00.12.06:093][  0]LogConfig: Setting CVar [[r.Shadow.MaxCSMResolution:2048]]
[2020.10.25-00.12.06:093][  0]LogConfig: Setting CVar [[r.Shadow.RadiusThreshold:0.01]]
[2020.10.25-00.12.06:093][  0]LogConfig: Setting CVar [[r.Shadow.DistanceScale:1.0]]
[2020.10.25-00.12.06:093][  0]LogConfig: Setting CVar [[r.Shadow.CSM.TransitionScale:1.0]]
[2020.10.25-00.12.06:093][  0]LogConfig: Setting CVar [[r.Shadow.PreShadowResolutionFactor:1.0]]
[2020.10.25-00.12.06:093][  0]LogConfig: Setting CVar [[r.DistanceFieldShadowing:1]]
[2020.10.25-00.12.06:093][  0]LogConfig: Setting CVar [[r.DistanceFieldAO:1]]
[2020.10.25-00.12.06:093][  0]LogConfig: Setting CVar [[r.AOQuality:2]]
[2020.10.25-00.12.06:093][  0]LogConfig: Setting CVar [[r.VolumetricFog:1]]
[2020.10.25-00.12.06:093][  0]LogConfig: Setting CVar [[r.VolumetricFog.GridPixelSize:8]]
[2020.10.25-00.12.06:093][  0]LogConfig: Setting CVar [[r.VolumetricFog.GridSizeZ:128]]
[2020.10.25-00.12.06:093][  0]LogConfig: Setting CVar [[r.VolumetricFog.HistoryMissSupersampleCount:4]]
[2020.10.25-00.12.06:093][  0]LogConfig: Setting CVar [[r.LightMaxDrawDistanceScale:1]]
[2020.10.25-00.12.06:093][  0]LogConfig: Setting CVar [[r.CapsuleShadows:1]]
[2020.10.25-00.12.06:093][  0]LogConfig: Applying CVar settings from Section [PostProcessQuality@3] File [C:/Users/sttau/OneDrive/Documentos/GitHub/Project1/Project1/Saved/Config/Windows/Scalability.ini]
[2020.10.25-00.12.06:093][  0]LogConfig: Setting CVar [[r.MotionBlurQuality:4]]
[2020.10.25-00.12.06:093][  0]LogConfig: Setting CVar [[r.AmbientOcclusionMipLevelFactor:0.4]]
[2020.10.25-00.12.06:093][  0]LogConfig: Setting CVar [[r.AmbientOcclusionMaxQuality:100]]
[2020.10.25-00.12.06:093][  0]LogConfig: Setting CVar [[r.AmbientOcclusionLevels:-1]]
[2020.10.25-00.12.06:093][  0]LogConfig: Setting CVar [[r.AmbientOcclusionRadiusScale:1.0]]
[2020.10.25-00.12.06:093][  0]LogConfig: Setting CVar [[r.DepthOfFieldQuality:2]]
[2020.10.25-00.12.06:093][  0]LogConfig: Setting CVar [[r.RenderTargetPoolMin:400]]
[2020.10.25-00.12.06:093][  0]LogConfig: Setting CVar [[r.LensFlareQuality:2]]
[2020.10.25-00.12.06:093][  0]LogConfig: Setting CVar [[r.SceneColorFringeQuality:1]]
[2020.10.25-00.12.06:093][  0]LogConfig: Setting CVar [[r.EyeAdaptationQuality:2]]
[2020.10.25-00.12.06:093][  0]LogConfig: Setting CVar [[r.BloomQuality:5]]
[2020.10.25-00.12.06:093][  0]LogConfig: Setting CVar [[r.FastBlurThreshold:100]]
[2020.10.25-00.12.06:093][  0]LogConfig: Setting CVar [[r.Upscale.Quality:3]]
[2020.10.25-00.12.06:093][  0]LogConfig: Setting CVar [[r.Tonemapper.GrainQuantization:1]]
[2020.10.25-00.12.06:093][  0]LogConfig: Setting CVar [[r.LightShaftQuality:1]]
[2020.10.25-00.12.06:093][  0]LogConfig: Setting CVar [[r.Filter.SizeScale:1]]
[2020.10.25-00.12.06:093][  0]LogConfig: Setting CVar [[r.Tonemapper.Quality:5]]
[2020.10.25-00.12.06:093][  0]LogConfig: Setting CVar [[r.DOF.Gather.AccumulatorQuality:1        ; higher gathering accumulator quality]]
[2020.10.25-00.12.06:093][  0]LogConfig: Setting CVar [[r.DOF.Gather.PostfilterMethod:1          ; Median3x3 postfilering method]]
[2020.10.25-00.12.06:093][  0]LogConfig: Setting CVar [[r.DOF.Gather.EnableBokehSettings:0       ; no bokeh simulation when gathering]]
[2020.10.25-00.12.06:093][  0]LogConfig: Setting CVar [[r.DOF.Gather.RingCount:4                 ; medium number of samples when gathering]]
[2020.10.25-00.12.06:093][  0]LogConfig: Setting CVar [[r.DOF.Scatter.ForegroundCompositing:1    ; additive foreground scattering]]
[2020.10.25-00.12.06:093][  0]LogConfig: Setting CVar [[r.DOF.Scatter.BackgroundCompositing:2    ; additive background scattering]]
[2020.10.25-00.12.06:093][  0]LogConfig: Setting CVar [[r.DOF.Scatter.EnableBokehSettings:1      ; bokeh simulation when scattering]]
[2020.10.25-00.12.06:093][  0]LogConfig: Setting CVar [[r.DOF.Scatter.MaxSpriteRatio:0.1         ; only a maximum of 10% of scattered bokeh]]
[2020.10.25-00.12.06:093][  0]LogConfig: Setting CVar [[r.DOF.Recombine.Quality:1                ; cheap slight out of focus]]
[2020.10.25-00.12.06:093][  0]LogConfig: Setting CVar [[r.DOF.Recombine.EnableBokehSettings:0    ; no bokeh simulation on slight out of focus]]
[2020.10.25-00.12.06:093][  0]LogConfig: Setting CVar [[r.DOF.TemporalAAQuality:1                ; more stable temporal accumulation]]
[2020.10.25-00.12.06:093][  0]LogConfig: Setting CVar [[r.DOF.Kernel.MaxForegroundRadius:0.025]]
[2020.10.25-00.12.06:094][  0]LogConfig: Setting CVar [[r.DOF.Kernel.MaxBackgroundRadius:0.025]]
[2020.10.25-00.12.06:094][  0]LogConfig: Applying CVar settings from Section [TextureQuality@3] File [C:/Users/sttau/OneDrive/Documentos/GitHub/Project1/Project1/Saved/Config/Windows/Scalability.ini]
[2020.10.25-00.12.06:094][  0]LogConfig: Setting CVar [[r.Streaming.MipBias:0]]
[2020.10.25-00.12.06:094][  0]LogConfig: Setting CVar [[r.Streaming.AmortizeCPUToGPUCopy:0]]
[2020.10.25-00.12.06:094][  0]LogConfig: Setting CVar [[r.Streaming.MaxNumTexturesToStreamPerFrame:0]]
[2020.10.25-00.12.06:094][  0]LogConfig: Setting CVar [[r.Streaming.Boost:1]]
[2020.10.25-00.12.06:094][  0]LogConfig: Setting CVar [[r.MaxAnisotropy:8]]
[2020.10.25-00.12.06:094][  0]LogConfig: Setting CVar [[r.Streaming.LimitPoolSizeToVRAM:0]]
[2020.10.25-00.12.06:094][  0]LogConfig: Setting CVar [[r.Streaming.PoolSize:1000]]
[2020.10.25-00.12.06:094][  0]LogConfig: Setting CVar [[r.Streaming.MaxEffectiveScreenSize:0]]
[2020.10.25-00.12.06:094][  0]LogConfig: Applying CVar settings from Section [EffectsQuality@3] File [C:/Users/sttau/OneDrive/Documentos/GitHub/Project1/Project1/Saved/Config/Windows/Scalability.ini]
[2020.10.25-00.12.06:094][  0]LogConfig: Setting CVar [[r.TranslucencyLightingVolumeDim:64]]
[2020.10.25-00.12.06:094][  0]LogConfig: Setting CVar [[r.RefractionQuality:2]]
[2020.10.25-00.12.06:094][  0]LogConfig: Setting CVar [[r.SSR.Quality:3]]
[2020.10.25-00.12.06:094][  0]LogConfig: Setting CVar [[r.SceneColorFormat:4]]
[2020.10.25-00.12.06:094][  0]LogConfig: Setting CVar [[r.DetailMode:2]]
[2020.10.25-00.12.06:094][  0]LogConfig: Setting CVar [[r.TranslucencyVolumeBlur:1]]
[2020.10.25-00.12.06:094][  0]LogConfig: Setting CVar [[r.MaterialQualityLevel:1 ; High quality]]
[2020.10.25-00.12.06:094][  0]LogConfig: Setting CVar [[r.SSS.Scale:1]]
[2020.10.25-00.12.06:094][  0]LogConfig: Setting CVar [[r.SSS.SampleSet:2]]
[2020.10.25-00.12.06:094][  0]LogConfig: Setting CVar [[r.SSS.Quality:1]]
[2020.10.25-00.12.06:094][  0]LogConfig: Setting CVar [[r.SSS.HalfRes:1]]
[2020.10.25-00.12.06:094][  0]LogConfig: Setting CVar [[r.EmitterSpawnRateScale:1.0]]
[2020.10.25-00.12.06:094][  0]LogConfig: Setting CVar [[r.ParticleLightQuality:2]]
[2020.10.25-00.12.06:094][  0]LogConfig: Applying CVar settings from Section [FoliageQuality@3] File [C:/Users/sttau/OneDrive/Documentos/GitHub/Project1/Project1/Saved/Config/Windows/Scalability.ini]
[2020.10.25-00.12.06:094][  0]LogConfig: Setting CVar [[foliage.DensityScale:1.0]]
[2020.10.25-00.12.06:094][  0]LogConfig: Setting CVar [[grass.DensityScale:1.0]]
[2020.10.25-00.12.06:094][  0]LogInit: Selected Device Profile: [Windows]
[2020.10.25-00.12.06:094][  0]LogInit: Applying CVar settings loaded from the selected device profile: [Windows]
[2020.10.25-00.12.06:105][  0]LogHAL: Display: Platform has ~ 16 GB [17046663168 / 17179869184 / 16], which maps to Larger [LargestMinGB=32, LargerMinGB=12, DefaultMinGB=8, SmallerMinGB=6, SmallestMinGB=0)
[2020.10.25-00.12.06:105][  0]LogConfig: Setting CVar [[r.Vulkan.UseRealUBs:0		; Required until we fix HLR fall-out]]
[2020.10.25-00.12.06:105][  0]LogInit: Going up to parent DeviceProfile []
[2020.10.25-00.12.06:105][  0]LogConfig: Applying CVar settings from Section [ViewDistanceQuality@3] File [C:/Users/sttau/OneDrive/Documentos/GitHub/Project1/Project1/Saved/Config/Windows/Scalability.ini]
[2020.10.25-00.12.06:105][  0]LogConfig: Setting CVar [[r.SkeletalMeshLODBias:0]]
[2020.10.25-00.12.06:105][  0]LogConfig: Setting CVar [[r.ViewDistanceScale:1.0]]
[2020.10.25-00.12.06:105][  0]LogConfig: Applying CVar settings from Section [AntiAliasingQuality@3] File [C:/Users/sttau/OneDrive/Documentos/GitHub/Project1/Project1/Saved/Config/Windows/Scalability.ini]
[2020.10.25-00.12.06:105][  0]LogConfig: Setting CVar [[r.PostProcessAAQuality:4]]
[2020.10.25-00.12.06:105][  0]LogConfig: Applying CVar settings from Section [ShadowQuality@3] File [C:/Users/sttau/OneDrive/Documentos/GitHub/Project1/Project1/Saved/Config/Windows/Scalability.ini]
[2020.10.25-00.12.06:105][  0]LogConfig: Setting CVar [[r.LightFunctionQuality:1]]
[2020.10.25-00.12.06:105][  0]LogConfig: Setting CVar [[r.ShadowQuality:5]]
[2020.10.25-00.12.06:105][  0]LogConfig: Setting CVar [[r.Shadow.CSM.MaxCascades:10]]
[2020.10.25-00.12.06:105][  0]LogConfig: Setting CVar [[r.Shadow.MaxResolution:2048]]
[2020.10.25-00.12.06:105][  0]LogConfig: Setting CVar [[r.Shadow.MaxCSMResolution:2048]]
[2020.10.25-00.12.06:105][  0]LogConfig: Setting CVar [[r.Shadow.RadiusThreshold:0.01]]
[2020.10.25-00.12.06:105][  0]LogConfig: Setting CVar [[r.Shadow.DistanceScale:1.0]]
[2020.10.25-00.12.06:105][  0]LogConfig: Setting CVar [[r.Shadow.CSM.TransitionScale:1.0]]
[2020.10.25-00.12.06:105][  0]LogConfig: Setting CVar [[r.Shadow.PreShadowResolutionFactor:1.0]]
[2020.10.25-00.12.06:105][  0]LogConfig: Setting CVar [[r.DistanceFieldShadowing:1]]
[2020.10.25-00.12.06:105][  0]LogConfig: Setting CVar [[r.DistanceFieldAO:1]]
[2020.10.25-00.12.06:105][  0]LogConfig: Setting CVar [[r.AOQuality:2]]
[2020.10.25-00.12.06:105][  0]LogConfig: Setting CVar [[r.VolumetricFog:1]]
[2020.10.25-00.12.06:105][  0]LogConfig: Setting CVar [[r.VolumetricFog.GridPixelSize:8]]
[2020.10.25-00.12.06:105][  0]LogConfig: Setting CVar [[r.VolumetricFog.GridSizeZ:128]]
[2020.10.25-00.12.06:105][  0]LogConfig: Setting CVar [[r.VolumetricFog.HistoryMissSupersampleCount:4]]
[2020.10.25-00.12.06:105][  0]LogConfig: Setting CVar [[r.LightMaxDrawDistanceScale:1]]
[2020.10.25-00.12.06:105][  0]LogConfig: Setting CVar [[r.CapsuleShadows:1]]
[2020.10.25-00.12.06:105][  0]LogConfig: Applying CVar settings from Section [PostProcessQuality@3] File [C:/Users/sttau/OneDrive/Documentos/GitHub/Project1/Project1/Saved/Config/Windows/Scalability.ini]
[2020.10.25-00.12.06:106][  0]LogConfig: Setting CVar [[r.MotionBlurQuality:4]]
[2020.10.25-00.12.06:106][  0]LogConfig: Setting CVar [[r.AmbientOcclusionMipLevelFactor:0.4]]
[2020.10.25-00.12.06:106][  0]LogConfig: Setting CVar [[r.AmbientOcclusionMaxQuality:100]]
[2020.10.25-00.12.06:106][  0]LogConfig: Setting CVar [[r.AmbientOcclusionLevels:-1]]
[2020.10.25-00.12.06:106][  0]LogConfig: Setting CVar [[r.AmbientOcclusionRadiusScale:1.0]]
[2020.10.25-00.12.06:106][  0]LogConfig: Setting CVar [[r.DepthOfFieldQuality:2]]
[2020.10.25-00.12.06:106][  0]LogConfig: Setting CVar [[r.RenderTargetPoolMin:400]]
[2020.10.25-00.12.06:106][  0]LogConfig: Setting CVar [[r.LensFlareQuality:2]]
[2020.10.25-00.12.06:106][  0]LogConfig: Setting CVar [[r.SceneColorFringeQuality:1]]
[2020.10.25-00.12.06:106][  0]LogConfig: Setting CVar [[r.EyeAdaptationQuality:2]]
[2020.10.25-00.12.06:106][  0]LogConfig: Setting CVar [[r.BloomQuality:5]]
[2020.10.25-00.12.06:106][  0]LogConfig: Setting CVar [[r.FastBlurThreshold:100]]
[2020.10.25-00.12.06:106][  0]LogConfig: Setting CVar [[r.Upscale.Quality:3]]
[2020.10.25-00.12.06:106][  0]LogConfig: Setting CVar [[r.Tonemapper.GrainQuantization:1]]
[2020.10.25-00.12.06:106][  0]LogConfig: Setting CVar [[r.LightShaftQuality:1]]
[2020.10.25-00.12.06:106][  0]LogConfig: Setting CVar [[r.Filter.SizeScale:1]]
[2020.10.25-00.12.06:106][  0]LogConfig: Setting CVar [[r.Tonemapper.Quality:5]]
[2020.10.25-00.12.06:106][  0]LogConfig: Setting CVar [[r.DOF.Gather.AccumulatorQuality:1        ; higher gathering accumulator quality]]
[2020.10.25-00.12.06:106][  0]LogConfig: Setting CVar [[r.DOF.Gather.PostfilterMethod:1          ; Median3x3 postfilering method]]
[2020.10.25-00.12.06:106][  0]LogConfig: Setting CVar [[r.DOF.Gather.EnableBokehSettings:0       ; no bokeh simulation when gathering]]
[2020.10.25-00.12.06:106][  0]LogConfig: Setting CVar [[r.DOF.Gather.RingCount:4                 ; medium number of samples when gathering]]
[2020.10.25-00.12.06:106][  0]LogConfig: Setting CVar [[r.DOF.Scatter.ForegroundCompositing:1    ; additive foreground scattering]]
[2020.10.25-00.12.06:106][  0]LogConfig: Setting CVar [[r.DOF.Scatter.BackgroundCompositing:2    ; additive background scattering]]
[2020.10.25-00.12.06:106][  0]LogConfig: Setting CVar [[r.DOF.Scatter.EnableBokehSettings:1      ; bokeh simulation when scattering]]
[2020.10.25-00.12.06:106][  0]LogConfig: Setting CVar [[r.DOF.Scatter.MaxSpriteRatio:0.1         ; only a maximum of 10% of scattered bokeh]]
[2020.10.25-00.12.06:106][  0]LogConfig: Setting CVar [[r.DOF.Recombine.Quality:1                ; cheap slight out of focus]]
[2020.10.25-00.12.06:106][  0]LogConfig: Setting CVar [[r.DOF.Recombine.EnableBokehSettings:0    ; no bokeh simulation on slight out of focus]]
[2020.10.25-00.12.06:106][  0]LogConfig: Setting CVar [[r.DOF.TemporalAAQuality:1                ; more stable temporal accumulation]]
[2020.10.25-00.12.06:106][  0]LogConfig: Setting CVar [[r.DOF.Kernel.MaxForegroundRadius:0.025]]
[2020.10.25-00.12.06:106][  0]LogConfig: Setting CVar [[r.DOF.Kernel.MaxBackgroundRadius:0.025]]
[2020.10.25-00.12.06:106][  0]LogConfig: Applying CVar settings from Section [TextureQuality@3] File [C:/Users/sttau/OneDrive/Documentos/GitHub/Project1/Project1/Saved/Config/Windows/Scalability.ini]
[2020.10.25-00.12.06:106][  0]LogConfig: Setting CVar [[r.Streaming.MipBias:0]]
[2020.10.25-00.12.06:106][  0]LogConfig: Setting CVar [[r.Streaming.AmortizeCPUToGPUCopy:0]]
[2020.10.25-00.12.06:106][  0]LogConfig: Setting CVar [[r.Streaming.MaxNumTexturesToStreamPerFrame:0]]
[2020.10.25-00.12.06:106][  0]LogConfig: Setting CVar [[r.Streaming.Boost:1]]
[2020.10.25-00.12.06:106][  0]LogConfig: Setting CVar [[r.MaxAnisotropy:8]]
[2020.10.25-00.12.06:106][  0]LogConfig: Setting CVar [[r.Streaming.LimitPoolSizeToVRAM:0]]
[2020.10.25-00.12.06:106][  0]LogConfig: Setting CVar [[r.Streaming.PoolSize:1000]]
[2020.10.25-00.12.06:106][  0]LogConfig: Setting CVar [[r.Streaming.MaxEffectiveScreenSize:0]]
[2020.10.25-00.12.06:106][  0]LogConfig: Applying CVar settings from Section [EffectsQuality@3] File [C:/Users/sttau/OneDrive/Documentos/GitHub/Project1/Project1/Saved/Config/Windows/Scalability.ini]
[2020.10.25-00.12.06:106][  0]LogConfig: Setting CVar [[r.TranslucencyLightingVolumeDim:64]]
[2020.10.25-00.12.06:106][  0]LogConfig: Setting CVar [[r.RefractionQuality:2]]
[2020.10.25-00.12.06:106][  0]LogConfig: Setting CVar [[r.SSR.Quality:3]]
[2020.10.25-00.12.06:106][  0]LogConfig: Setting CVar [[r.SceneColorFormat:4]]
[2020.10.25-00.12.06:106][  0]LogConfig: Setting CVar [[r.DetailMode:2]]
[2020.10.25-00.12.06:106][  0]LogConfig: Setting CVar [[r.TranslucencyVolumeBlur:1]]
[2020.10.25-00.12.06:106][  0]LogConfig: Setting CVar [[r.MaterialQualityLevel:1 ; High quality]]
[2020.10.25-00.12.06:107][  0]LogConfig: Setting CVar [[r.SSS.Scale:1]]
[2020.10.25-00.12.06:107][  0]LogConfig: Setting CVar [[r.SSS.SampleSet:2]]
[2020.10.25-00.12.06:107][  0]LogConfig: Setting CVar [[r.SSS.Quality:1]]
[2020.10.25-00.12.06:107][  0]LogConfig: Setting CVar [[r.SSS.HalfRes:1]]
[2020.10.25-00.12.06:107][  0]LogConfig: Setting CVar [[r.EmitterSpawnRateScale:1.0]]
[2020.10.25-00.12.06:107][  0]LogConfig: Setting CVar [[r.ParticleLightQuality:2]]
[2020.10.25-00.12.06:107][  0]LogConfig: Applying CVar settings from Section [FoliageQuality@3] File [C:/Users/sttau/OneDrive/Documentos/GitHub/Project1/Project1/Saved/Config/Windows/Scalability.ini]
[2020.10.25-00.12.06:107][  0]LogConfig: Setting CVar [[foliage.DensityScale:1.0]]
[2020.10.25-00.12.06:107][  0]LogConfig: Setting CVar [[grass.DensityScale:1.0]]
[2020.10.25-00.12.06:107][  0]LogConfig: Applying CVar settings from Section [Startup] File [../../../Engine/Config/ConsoleVariables.ini]
[2020.10.25-00.12.06:107][  0]LogConfig: Setting CVar [[net.UseAdaptiveNetUpdateFrequency:0]]
[2020.10.25-00.12.06:107][  0]LogConfig: Setting CVar [[p.chaos.AllowCreatePhysxBodies:1]]
[2020.10.25-00.12.06:107][  0]LogConfig: Applying CVar settings from Section [ConsoleVariables] File [C:/Users/sttau/OneDrive/Documentos/GitHub/Project1/Project1/Saved/Config/Windows/Engine.ini]
[2020.10.25-00.12.06:107][  0]LogInit: Computer: DESKTOP-R3QVGPA
[2020.10.25-00.12.06:107][  0]LogInit: User: sttau
[2020.10.25-00.12.06:107][  0]LogInit: CPU Page size=4096, Cores=4
[2020.10.25-00.12.06:107][  0]LogInit: High frequency timer resolution =10.000000 MHz
[2020.10.25-00.12.06:108][  0]LogMemory: Memory total: Physical=15.9GB (16GB approx)
[2020.10.25-00.12.06:108][  0]LogMemory: Platform Memory Stats for Windows
[2020.10.25-00.12.06:108][  0]LogMemory: Process Physical Memory: 97.03 MB used, 97.04 MB peak
[2020.10.25-00.12.06:108][  0]LogMemory: Process Virtual Memory: 89.11 MB used, 89.11 MB peak
[2020.10.25-00.12.06:108][  0]LogMemory: Physical Memory: 9004.57 MB used,  7252.39 MB free, 16256.96 MB total
[2020.10.25-00.12.06:108][  0]LogMemory: Virtual Memory: 4643.31 MB used,  134213088.00 MB free, 134217728.00 MB total
[2020.10.25-00.12.06:153][  0]LogInit: Using OS detected language (en-US).
[2020.10.25-00.12.06:153][  0]LogInit: Using OS detected locale (en-CA).
[2020.10.25-00.12.06:154][  0]LogTextLocalizationManager: No specific localization for 'en-US' exists, so the 'en' localization will be used.
[2020.10.25-00.12.06:393][  0]LogInit: Setting process to per monitor DPI aware
[2020.10.25-00.12.06:449][  0]LogSlate: New Slate User Created.  User Index 0, Is Virtual User: 0
[2020.10.25-00.12.06:449][  0]LogSlate: Slate User Registered.  User Index 0, Is Virtual User: 0
[2020.10.25-00.12.06:759][  0]LogHMD: Failed to initialize OpenVR with code 110
[2020.10.25-00.12.06:759][  0]LogD3D11RHI: D3D11 adapters:
[2020.10.25-00.12.06:897][  0]LogD3D11RHI:    0. 'NVIDIA GeForce GTX 1060' (Feature Level 11_0)
[2020.10.25-00.12.06:897][  0]LogD3D11RHI:       6052/0/8128 MB DedicatedVideo/DedicatedSystem/SharedSystem, Outputs:1, VendorId:0x10de
[2020.10.25-00.12.06:930][  0]LogD3D11RHI:    1. 'Intel(R) HD Graphics 630' (Feature Level 11_0)
[2020.10.25-00.12.06:930][  0]LogD3D11RHI:       128/0/8128 MB DedicatedVideo/DedicatedSystem/SharedSystem, Outputs:0, VendorId:0x8086
[2020.10.25-00.12.06:935][  0]LogD3D11RHI:    2. 'Microsoft Basic Render Driver' (Feature Level 11_0)
[2020.10.25-00.12.06:935][  0]LogD3D11RHI:       0/0/8128 MB DedicatedVideo/DedicatedSystem/SharedSystem, Outputs:0, VendorId:0x1414
[2020.10.25-00.12.06:935][  0]LogD3D11RHI: Chosen D3D11 Adapter: 0
[2020.10.25-00.12.06:991][  0]LogD3D11RHI: Creating new Direct3DDevice
[2020.10.25-00.12.06:991][  0]LogD3D11RHI:     GPU DeviceId: 0x1c20 (for the marketing name, search the web for "GPU Device Id")
[2020.10.25-00.12.06:991][  0]LogWindows: EnumDisplayDevices:
[2020.10.25-00.12.06:991][  0]LogWindows:    0. 'Intel(R) HD Graphics 630' (P:1 D:1)
[2020.10.25-00.12.06:991][  0]LogWindows:    1. 'Intel(R) HD Graphics 630' (P:0 D:0)
[2020.10.25-00.12.06:992][  0]LogWindows:    2. 'Intel(R) HD Graphics 630' (P:0 D:0)
[2020.10.25-00.12.06:992][  0]LogWindows:    3. 'NVIDIA GeForce GTX 1060' (P:0 D:0)
[2020.10.25-00.12.06:992][  0]LogWindows:    4. 'NVIDIA GeForce GTX 1060' (P:0 D:0)
[2020.10.25-00.12.06:993][  0]LogWindows:    5. 'NVIDIA GeForce GTX 1060' (P:0 D:0)
[2020.10.25-00.12.06:993][  0]LogWindows:    6. 'NVIDIA GeForce GTX 1060' (P:0 D:0)
[2020.10.25-00.12.06:993][  0]LogWindows: DebugString: PrimaryIsNotTheChoosenAdapter PrimaryIsNotTheChoosenAdapter PrimaryIsNotTheChoosenAdapter FoundDriverCount:4 
[2020.10.25-00.12.06:993][  0]LogD3D11RHI:     Adapter Name: NVIDIA GeForce GTX 1060
[2020.10.25-00.12.06:993][  0]LogD3D11RHI:   Driver Version: 431.53 (internal:26.21.14.3153, unified:431.53)
[2020.10.25-00.12.06:993][  0]LogD3D11RHI:      Driver Date: 7-12-2019
[2020.10.25-00.12.06:993][  0]LogRHI: Texture pool is 4236 MB (70% of 6052 MB)
[2020.10.25-00.12.07:057][  0]LogD3D11RHI: Async texture creation enabled
[2020.10.25-00.12.07:068][  0]LogRendererCore: FGlobalReadBuffer::InitRHI
[2020.10.25-00.12.07:069][  0]LogRendererCore: FGlobalReadBuffer::InitRHI
[2020.10.25-00.12.07:069][  0]LogRendererCore: FGlobalReadBuffer::InitRHI
[2020.10.25-00.12.07:081][  0]LogD3D11RHI: GPU Timing Frequency: 1000.000000 (Debug: 2 1)
[2020.10.25-00.12.07:552][  0]LogTemp: Display: Module 'AllDesktopTargetPlatform' loaded TargetPlatform 'AllDesktop'
[2020.10.25-00.12.07:570][  0]LogTemp: Display: Module 'MacClientTargetPlatform' loaded TargetPlatform 'MacClient'
[2020.10.25-00.12.07:590][  0]LogTemp: Display: Module 'MacNoEditorTargetPlatform' loaded TargetPlatform 'MacNoEditor'
[2020.10.25-00.12.07:611][  0]LogTemp: Display: Module 'MacServerTargetPlatform' loaded TargetPlatform 'MacServer'
[2020.10.25-00.12.07:632][  0]LogTemp: Display: Module 'MacTargetPlatform' loaded TargetPlatform 'Mac'
[2020.10.25-00.12.07:650][  0]LogTemp: Display: Module 'WindowsClientTargetPlatform' loaded TargetPlatform 'WindowsClient'
[2020.10.25-00.12.07:668][  0]LogTemp: Display: Module 'WindowsNoEditorTargetPlatform' loaded TargetPlatform 'WindowsNoEditor'
[2020.10.25-00.12.07:684][  0]LogTemp: Display: Module 'WindowsServerTargetPlatform' loaded TargetPlatform 'WindowsServer'
[2020.10.25-00.12.07:695][  0]LogTemp: Display: Module 'WindowsTargetPlatform' loaded TargetPlatform 'Windows'
[2020.10.25-00.12.07:796][  0]LogTemp: Display: Module 'AndroidTargetPlatform' loaded TargetPlatform 'Android'
[2020.10.25-00.12.07:796][  0]LogTemp: Display: Module 'AndroidTargetPlatform' loaded TargetPlatform 'Android_ASTC'
[2020.10.25-00.12.07:796][  0]LogTemp: Display: Module 'AndroidTargetPlatform' loaded TargetPlatform 'Android_ATC'
[2020.10.25-00.12.07:796][  0]LogTemp: Display: Module 'AndroidTargetPlatform' loaded TargetPlatform 'Android_DXT'
[2020.10.25-00.12.07:796][  0]LogTemp: Display: Module 'AndroidTargetPlatform' loaded TargetPlatform 'Android_ETC1'
[2020.10.25-00.12.07:796][  0]LogTemp: Display: Module 'AndroidTargetPlatform' loaded TargetPlatform 'Android_ETC1a'
[2020.10.25-00.12.07:796][  0]LogTemp: Display: Module 'AndroidTargetPlatform' loaded TargetPlatform 'Android_ETC2'
[2020.10.25-00.12.07:796][  0]LogTemp: Display: Module 'AndroidTargetPlatform' loaded TargetPlatform 'Android_PVRTC'
[2020.10.25-00.12.07:796][  0]LogTemp: Display: Module 'AndroidTargetPlatform' loaded TargetPlatform 'AndroidClient'
[2020.10.25-00.12.07:796][  0]LogTemp: Display: Module 'AndroidTargetPlatform' loaded TargetPlatform 'Android_ASTCClient'
[2020.10.25-00.12.07:796][  0]LogTemp: Display: Module 'AndroidTargetPlatform' loaded TargetPlatform 'Android_ATCClient'
[2020.10.25-00.12.07:796][  0]LogTemp: Display: Module 'AndroidTargetPlatform' loaded TargetPlatform 'Android_DXTClient'
[2020.10.25-00.12.07:796][  0]LogTemp: Display: Module 'AndroidTargetPlatform' loaded TargetPlatform 'Android_ETC1Client'
[2020.10.25-00.12.07:796][  0]LogTemp: Display: Module 'AndroidTargetPlatform' loaded TargetPlatform 'Android_ETC1aClient'
[2020.10.25-00.12.07:796][  0]LogTemp: Display: Module 'AndroidTargetPlatform' loaded TargetPlatform 'Android_ETC2Client'
[2020.10.25-00.12.07:796][  0]LogTemp: Display: Module 'AndroidTargetPlatform' loaded TargetPlatform 'Android_PVRTCClient'
[2020.10.25-00.12.07:796][  0]LogTemp: Display: Module 'AndroidTargetPlatform' loaded TargetPlatform 'Android_Multi'
[2020.10.25-00.12.07:796][  0]LogTemp: Display: Module 'AndroidTargetPlatform' loaded TargetPlatform 'Android_MultiClient'
[2020.10.25-00.12.07:800][  0]LogTemp: Display: Module 'HTML5TargetPlatform' loaded TargetPlatform 'HTML5'
[2020.10.25-00.12.07:863][  0]LogTemp: Display: Module 'IOSTargetPlatform' loaded TargetPlatform 'IOSClient'
[2020.10.25-00.12.07:863][  0]LogTemp: Display: Module 'IOSTargetPlatform' loaded TargetPlatform 'IOS'
[2020.10.25-00.12.07:900][  0]LogTemp: Display: Module 'TVOSTargetPlatform' loaded TargetPlatform 'TVOSClient'
[2020.10.25-00.12.07:900][  0]LogTemp: Display: Module 'TVOSTargetPlatform' loaded TargetPlatform 'TVOS'
[2020.10.25-00.12.07:918][  0]LogTemp: Display: Module 'LinuxClientTargetPlatform' loaded TargetPlatform 'LinuxClient'
[2020.10.25-00.12.07:934][  0]LogTemp: Display: Module 'LinuxNoEditorTargetPlatform' loaded TargetPlatform 'LinuxNoEditor'
[2020.10.25-00.12.07:951][  0]LogTemp: Display: Module 'LinuxServerTargetPlatform' loaded TargetPlatform 'LinuxServer'
[2020.10.25-00.12.07:970][  0]LogTemp: Display: Module 'LinuxTargetPlatform' loaded TargetPlatform 'Linux'
[2020.10.25-00.12.08:034][  0]LogTemp: Display: Module 'LuminTargetPlatform' loaded TargetPlatform 'Lumin'
[2020.10.25-00.12.08:034][  0]LogTemp: Display: Module 'LuminTargetPlatform' loaded TargetPlatform 'LuminClient'
[2020.10.25-00.12.08:034][  0]LogTargetPlatformManager: Display: Building Assets For Windows
[2020.10.25-00.12.08:054][  0]LogAudioDebug: Display: Lib vorbis DLL was dynamically loaded.
[2020.10.25-00.12.08:159][  0]LogShaderCompilers: Guid format shader working directory is -28 characters bigger than the processId version (../../../../../../Users/sttau/OneDrive/Documentos/GitHub/Project1/Project1/Intermediate/Shaders/WorkingDirectory/8288/).
[2020.10.25-00.12.08:159][  0]LogShaderCompilers: Cleaned the shader compiler working directory 'C:/Users/sttau/AppData/Local/Temp/UnrealShaderWorkingDir/4603AEBE4030D0A979F7CEB379258A83/'.
[2020.10.25-00.12.08:174][  0]LogShaderCompilers: Display: Using XGE Shader Compiler (Interception Interface).
[2020.10.25-00.12.08:857][  0]LogDerivedDataCache: Display: Max Cache Size: 512 MB
[2020.10.25-00.12.08:917][  0]LogDerivedDataCache: Loaded boot cache 0.06s 71MB C:/Users/sttau/AppData/Local/UnrealEngine/4.22/DerivedDataCache/Boot.ddc.
[2020.10.25-00.12.08:917][  0]LogDerivedDataCache: Display: Loaded Boot cache: C:/Users/sttau/AppData/Local/UnrealEngine/4.22/DerivedDataCache/Boot.ddc
[2020.10.25-00.12.08:918][  0]LogDerivedDataCache: FDerivedDataBackendGraph:  Pak pak cache file ../../../../../../Users/sttau/OneDrive/Documentos/GitHub/Project1/Project1/DerivedDataCache/DDC.ddp not found, will not use a pak cache.
[2020.10.25-00.12.08:918][  0]LogDerivedDataCache: Unable to find inner node Pak for hierarchical cache Hierarchy.
[2020.10.25-00.12.08:918][  0]LogDerivedDataCache: FDerivedDataBackendGraph:  CompressedPak pak cache file ../../../../../../Users/sttau/OneDrive/Documentos/GitHub/Project1/Project1/DerivedDataCache/Compressed.ddp not found, will not use a pak cache.
[2020.10.25-00.12.08:918][  0]LogDerivedDataCache: Unable to find inner node CompressedPak for hierarchical cache Hierarchy.
[2020.10.25-00.12.08:933][  0]LogDerivedDataCache: Display: Pak cache opened for reading ../../../Engine/DerivedDataCache/Compressed.ddp.
[2020.10.25-00.12.08:933][  0]LogDerivedDataCache: FDerivedDataBackendGraph:  EnterprisePak pak cache file ../../../Enterprise/DerivedDataCache/Compressed.ddp not found, will not use a pak cache.
[2020.10.25-00.12.08:933][  0]LogDerivedDataCache: Unable to find inner node EnterprisePak for hierarchical cache Hierarchy.
[2020.10.25-00.12.08:946][  0]LogDerivedDataCache: Using Local data cache path C:/Users/sttau/AppData/Local/UnrealEngine/Common/DerivedDataCache: Writable
[2020.10.25-00.12.08:946][  0]LogDerivedDataCache: Shared data cache path not found in *engine.ini, will not use an Shared cache.
[2020.10.25-00.12.08:946][  0]LogDerivedDataCache: Unable to find inner node Shared for hierarchical cache Hierarchy.
[2020.10.25-00.12.08:980][  0]LogMaterial: Verifying Global Shaders for PCD3D_SM5
[2020.10.25-00.12.08:981][  0]LogSlate: Using FreeType 2.6.0
[2020.10.25-00.12.08:982][  0]LogSlate: SlateFontServices - WITH_FREETYPE: 1, WITH_HARFBUZZ: 1
[2020.10.25-00.12.09:083][  0]LogAssetRegistry: FAssetRegistry took 0.0368 seconds to start up
[2020.10.25-00.12.09:549][  0]LogInit: Selected Device Profile: [Windows]
[2020.10.25-00.12.09:729][  0]LogMeshReduction: Using QuadricMeshReduction for automatic static mesh reduction
[2020.10.25-00.12.09:729][  0]LogMeshReduction: Using SimplygonMeshReduction for automatic skeletal mesh reduction
[2020.10.25-00.12.09:729][  0]LogMeshReduction: Using ProxyLODMeshReduction for automatic mesh merging
[2020.10.25-00.12.09:729][  0]LogMeshReduction: No distributed automatic mesh merging module available
[2020.10.25-00.12.09:729][  0]LogMeshMerging: No distributed automatic mesh merging module available
[2020.10.25-00.12.09:747][  0]LogNetVersion: Project1 1.0.0, NetCL: 5660361, EngineNetVer: 10, GameNetVer: 0 (Checksum: 331495406)
[2020.10.25-00.12.10:264][  0]LogPackageLocalizationCache: Processed 10 localized package path(s) for 1 prioritized culture(s) in 0.045785 seconds
[2020.10.25-00.12.10:273][  0]LogUObjectArray: 42205 objects as part of root set at end of initial load.
[2020.10.25-00.12.10:273][  0]LogUObjectAllocator: 7325032 out of 0 bytes used by permanent object pool.
[2020.10.25-00.12.10:273][  0]LogUObjectArray: CloseDisregardForGC: 0/0 objects in disregard for GC pool
[2020.10.25-00.12.11:413][  0]LogTcpMessaging: Initializing TcpMessaging bridge
[2020.10.25-00.12.11:428][  0]LogUdpMessaging: Initializing bridge on interface 0.0.0.0:0 to multicast group 230.0.0.1:6666.
[2020.10.25-00.12.11:583][  0]SourceControl: Source control is disabled
[2020.10.25-00.12.11:583][  0]SourceControl: Source control is disabled
[2020.10.25-00.12.11:588][  0]SourceControl: Source control is disabled
[2020.10.25-00.12.11:592][  0]SourceControl: Source control is disabled
[2020.10.25-00.12.11:764][  0]LogAndroidPermission: UAndroidPermissionCallbackProxy::GetInstance
[2020.10.25-00.12.12:055][  0]LogOcInput: OculusInput pre-init called
[2020.10.25-00.12.12:979][  0]LogEngine: Initializing Engine...
[2020.10.25-00.12.12:981][  0]LogHMD: Failed to initialize OpenVR with code 110
[2020.10.25-00.12.12:982][  0]LogStats: UGameplayTagsManager::InitializeManager -  0.000 s
[2020.10.25-00.12.13:317][  0]LogInit: Initializing FReadOnlyCVARCache
[2020.10.25-00.12.13:340][  0]LogAIModule: Creating AISystem for world Untitled
[2020.10.25-00.12.13:486][  0]LogInit: XAudio2 using 'Speakers (ROCCAT Khan AIMO)' : 6 channels at 48 kHz using 24 bits per sample (channel mask 0x3f)
[2020.10.25-00.12.13:547][  0]LogInit: FAudioDevice initialized.
[2020.10.25-00.12.13:548][  0]LogNetVersion: Set ProjectVersion to 1.0.0.0. Version Checksum will be recalculated on next use.
[2020.10.25-00.12.13:633][  0]LogDerivedDataCache: Saved boot cache 0.08s 71MB C:/Users/sttau/AppData/Local/UnrealEngine/4.22/DerivedDataCache/Boot.ddc.
[2020.10.25-00.12.13:639][  0]LogInit: Texture streaming: Enabled
[2020.10.25-00.12.13:675][  0]LogEngineSessionManager: EngineSessionManager initialized
[2020.10.25-00.12.13:709][  0]LogInit: Transaction tracking system initialized
[2020.10.25-00.12.13:758][  0]BlueprintLog: New page: Editor Load
[2020.10.25-00.12.14:037][  0]LocalizationService: Localization service is disabled
[2020.10.25-00.12.14:231][  0]LogLinker: Warning: Can't find file '/Game/FirstPersonBP/FirstPersonOverview'
[2020.10.25-00.12.14:231][  0]LogLinker: Warning: Can't find file '/Game/FirstPersonBP/FirstPersonOverview'
[2020.10.25-00.12.14:231][  0]LogUObjectGlobals: Warning: Failed to find object 'Class /Game/FirstPersonBP/FirstPersonOverview.FirstPersonOverview_C'
[2020.10.25-00.12.14:584][  0]LogFileCache: Scanning file cache for directory 'C:/Users/sttau/OneDrive/Documentos/GitHub/Project1/Project1/Content/' took 0.02s
[2020.10.25-00.12.14:584][  0]LogCook: Display: Max memory allowance for cook 16384mb min free memory 0mb
[2020.10.25-00.12.14:584][  0]LogCook: Display: Mobile HDR setting 1
[2020.10.25-00.12.14:919][  0]SourceControl: Source control is disabled
[2020.10.25-00.12.14:920][  0]Cmd: MAP LOAD FILE="../../../../../../Users/sttau/OneDrive/Documentos/GitHub/Project1/Project1/Content/ThirdPersonBP/Maps/ThirdPersonExampleMap.umap" TEMPLATE=0 SHOWPROGRESS=1 FEATURELEVEL=3
[2020.10.25-00.12.14:920][  0]LightingResults: New page: Lighting Build
[2020.10.25-00.12.14:924][  0]MapCheck: New page: Map Check
[2020.10.25-00.12.14:925][  0]LightingResults: New page: Lighting Build
[2020.10.25-00.12.14:952][  0]LogUObjectHash: Compacting FUObjectHashTables data took   1.80ms
[2020.10.25-00.12.15:391][  0]LogAIModule: Creating AISystem for world ThirdPersonExampleMap
[2020.10.25-00.12.15:406][  0]LogEditorServer: Finished looking for orphan Actors (0.000 secs)
[2020.10.25-00.12.15:437][  0]LogUObjectHash: Compacting FUObjectHashTables data took   3.47ms
[2020.10.25-00.12.15:438][  0]Cmd: MAP CHECKDEP NOCLEARLOG
[2020.10.25-00.12.15:438][  0]MapCheck: Map check complete: 0 Error(s), 0 Warning(s), took 0.358ms to complete.
[2020.10.25-00.12.15:438][  0]LogFileHelpers: Loading map 'ThirdPersonExampleMap' took 0.519
[2020.10.25-00.12.15:680][  0]LogCollectionManager: Loaded 0 collections in 0.001901 seconds
[2020.10.25-00.12.15:724][  0]LogFileCache: Scanning file cache for directory 'C:/Users/sttau/OneDrive/Documentos/GitHub/Project1/Project1/Saved/Collections/' took 0.01s
[2020.10.25-00.12.15:724][  0]LogFileCache: Scanning file cache for directory 'C:/Users/sttau/OneDrive/Documentos/GitHub/Project1/Project1/Content/Developers/sttau/Collections/' took 0.01s
[2020.10.25-00.12.15:724][  0]LogFileCache: Scanning file cache for directory 'C:/Users/sttau/OneDrive/Documentos/GitHub/Project1/Project1/Content/Collections/' took 0.00s
[2020.10.25-00.12.15:724][  0]LogCollectionManager: Rebuilt the GUID cache for 0 collections in 0.000002 seconds
[2020.10.25-00.12.15:734][  0]LogContentBrowser: Native class hierarchy populated in 0.0089 seconds. Added 2732 classes and 659 folders.
[2020.10.25-00.12.15:751][  0]LogContentBrowser: Native class hierarchy updated for 'WidgetCarousel' in 0.0003 seconds. Added 0 classes and 0 folders.
[2020.10.25-00.12.15:763][  0]LogPakFile: Registered encryption key '00000000000000000000000000000000': 0 pak files mounted, 0 remain pending
[2020.10.25-00.12.15:767][  0]LogPakFile: Registered encryption key '00000000000000000000000000000000': 0 pak files mounted, 0 remain pending
[2020.10.25-00.12.15:769][  0]LogPakFile: Registered encryption key '00000000000000000000000000000000': 0 pak files mounted, 0 remain pending
[2020.10.25-00.12.15:772][  0]LogPakFile: Registered encryption key '00000000000000000000000000000000': 0 pak files mounted, 0 remain pending
[2020.10.25-00.12.15:776][  0]LogPakFile: Registered encryption key '00000000000000000000000000000000': 0 pak files mounted, 0 remain pending
[2020.10.25-00.12.15:778][  0]LogPakFile: Registered encryption key '00000000000000000000000000000000': 0 pak files mounted, 0 remain pending
[2020.10.25-00.12.15:780][  0]LogPakFile: Registered encryption key '00000000000000000000000000000000': 0 pak files mounted, 0 remain pending
[2020.10.25-00.12.15:783][  0]LogPakFile: Registered encryption key '00000000000000000000000000000000': 0 pak files mounted, 0 remain pending
[2020.10.25-00.12.15:785][  0]LogPakFile: Registered encryption key '00000000000000000000000000000000': 0 pak files mounted, 0 remain pending
[2020.10.25-00.12.15:788][  0]LogPakFile: Registered encryption key '00000000000000000000000000000000': 0 pak files mounted, 0 remain pending
[2020.10.25-00.12.15:791][  0]LogPakFile: Registered encryption key '00000000000000000000000000000000': 0 pak files mounted, 0 remain pending
[2020.10.25-00.12.15:793][  0]LogPakFile: Registered encryption key '00000000000000000000000000000000': 0 pak files mounted, 0 remain pending
[2020.10.25-00.12.15:795][  0]LogPakFile: Registered encryption key '00000000000000000000000000000000': 0 pak files mounted, 0 remain pending
[2020.10.25-00.12.15:796][  0]LogPakFile: Registered encryption key '00000000000000000000000000000000': 0 pak files mounted, 0 remain pending
[2020.10.25-00.12.15:798][  0]LogPakFile: Registered encryption key '00000000000000000000000000000000': 0 pak files mounted, 0 remain pending
[2020.10.25-00.12.15:800][  0]LogPakFile: Registered encryption key '00000000000000000000000000000000': 0 pak files mounted, 0 remain pending
[2020.10.25-00.12.15:802][  0]LogPakFile: Registered encryption key '00000000000000000000000000000000': 0 pak files mounted, 0 remain pending
[2020.10.25-00.12.15:807][  0]LogPakFile: Registered encryption key '00000000000000000000000000000000': 0 pak files mounted, 0 remain pending
[2020.10.25-00.12.15:809][  0]LogPakFile: Registered encryption key '00000000000000000000000000000000': 0 pak files mounted, 0 remain pending
[2020.10.25-00.12.15:811][  0]LogPakFile: Registered encryption key '00000000000000000000000000000000': 0 pak files mounted, 0 remain pending
[2020.10.25-00.12.15:813][  0]LogPakFile: Registered encryption key '00000000000000000000000000000000': 0 pak files mounted, 0 remain pending
[2020.10.25-00.12.15:814][  0]LogPakFile: Registered encryption key '00000000000000000000000000000000': 0 pak files mounted, 0 remain pending
[2020.10.25-00.12.15:816][  0]LogPakFile: Registered encryption key '00000000000000000000000000000000': 0 pak files mounted, 0 remain pending
[2020.10.25-00.12.15:818][  0]LogPakFile: Registered encryption key '00000000000000000000000000000000': 0 pak files mounted, 0 remain pending
[2020.10.25-00.12.15:819][  0]LogPakFile: Registered encryption key '00000000000000000000000000000000': 0 pak files mounted, 0 remain pending
[2020.10.25-00.12.15:823][  0]LogPakFile: Registered encryption key '00000000000000000000000000000000': 0 pak files mounted, 0 remain pending
[2020.10.25-00.12.15:896][  0]LogContentBrowser: Native class hierarchy updated for 'AddContentDialog' in 0.0003 seconds. Added 0 classes and 0 folders.
[2020.10.25-00.12.15:928][  0]LogSlate: Updating window title bar state: overlay mode, drag disabled, window buttons hidden, title bar hidden
[2020.10.25-00.12.15:942][  0]LogSlate: Updating window title bar state: overlay mode, drag disabled, window buttons hidden, title bar hidden
[2020.10.25-00.12.15:952][  0]LogSlate: Updating window title bar state: overlay mode, drag disabled, window buttons hidden, title bar hidden
[2020.10.25-00.12.15:961][  0]LogSlate: Updating window title bar state: overlay mode, drag disabled, window buttons hidden, title bar hidden
[2020.10.25-00.12.15:977][  0]LogContentBrowser: Native class hierarchy updated for 'SceneOutliner' in 0.0004 seconds. Added 1 classes and 2 folders.
[2020.10.25-00.12.16:125][  0]LogSlate: Took 0.000242 seconds to synchronously load lazily loaded font '../../../Engine/Content/Slate/Fonts/Roboto-Regular.ttf' (155K)
[2020.10.25-00.12.16:127][  0]LogSlate: Took 0.000659 seconds to synchronously load lazily loaded font '../../../Engine/Content/Editor/Slate/Fonts/FontAwesome.ttf' (139K)
[2020.10.25-00.12.16:128][  0]LogSlate: Took 0.000206 seconds to synchronously load lazily loaded font '../../../Engine/Content/Slate/Fonts/Roboto-Bold.ttf' (160K)
[2020.10.25-00.12.16:236][  0]LogRenderer: Reallocating scene render targets to support 792x648 Format 10 NumSamples 1 (Frame:1).
[2020.10.25-00.12.16:497][  0]LogContentBrowser: Native class hierarchy updated for 'HierarchicalLODOutliner' in 0.0003 seconds. Added 0 classes and 0 folders.
[2020.10.25-00.12.16:497][  0]LogLoad: (Engine Initialization) Total time: 12.70 seconds
[2020.10.25-00.12.16:497][  0]LogLoad: (Engine Initialization) Total Blueprint compile time: 0.00 seconds
[2020.10.25-00.12.16:546][  0]LogAssetRegistry: Asset discovery search completed in 7.4872 seconds
[2020.10.25-00.12.16:549][  0]LogCollectionManager: Rebuilt the object cache for 0 collections in 0.000000 seconds (found 0 objects)
[2020.10.25-00.12.16:549][  0]LogCollectionManager: Fixed up redirectors for 0 collections in 0.000057 seconds (updated 0 objects)
[2020.10.25-00.12.16:550][  0]LogContentStreaming: Texture pool size now 1000 MB
[2020.10.25-00.12.16:584][  0]LogSlate: Took 0.000876 seconds to synchronously load lazily loaded font '../../../Engine/Content/Slate/Fonts/Roboto-Light.ttf' (167K)
[2020.10.25-00.12.16:672][  1]LogRenderer: Reallocating scene render targets to support 792x664 Format 10 NumSamples 1 (Frame:3).
[2020.10.25-00.12.17:521][ 47]LogSlate: Took 0.000458 seconds to synchronously load lazily loaded font '../../../Engine/Content/Slate/Fonts/Roboto-Light.ttf' (167K)
[2020.10.25-00.12.18:156][ 85]LogSlate: FSceneViewport::OnFocusLost() reason 0
[2020.10.25-00.13.42:114][736]LogScript: Warning: Accessed None trying to read property CallFunc_TryGetPawnOwner_ReturnValue
	BP_AnimHomework3_C /Engine/Transient.World_0:PersistentLevel.SkeletalMeshActor_0.SkeletalMeshComponent0.BP_AnimHomework3_C_0
	Function /Game/BP_Project1/BP_Project1/BP_AnimHomework3.BP_AnimHomework3_C:ExecuteUbergraph_BP_AnimHomework3:027D
[2020.10.25-00.13.42:115][736]LogScript: Warning: Accessed None trying to read property CallFunc_TryGetPawnOwner_ReturnValue
	BP_AnimHomework3_C /Engine/Transient.World_0:PersistentLevel.SkeletalMeshActor_0.SkeletalMeshComponent0.BP_AnimHomework3_C_0
	Function /Game/BP_Project1/BP_Project1/BP_AnimHomework3.BP_AnimHomework3_C:ExecuteUbergraph_BP_AnimHomework3:02B3
[2020.10.25-00.13.42:115][736]LogScript: Warning: Accessed None trying to read property CallFunc_TryGetPawnOwner_ReturnValue
	BP_AnimHomework3_C /Engine/Transient.World_0:PersistentLevel.SkeletalMeshActor_0.SkeletalMeshComponent0.BP_AnimHomework3_C_0
	Function /Game/BP_Project1/BP_Project1/BP_AnimHomework3.BP_AnimHomework3_C:ExecuteUbergraph_BP_AnimHomework3:0348
[2020.10.25-00.13.42:735][770]LogTemp: Repeating last play command: Selected Viewport
[2020.10.25-00.13.42:744][770]LogBlueprintUserMessages: Early PlayInEditor Detection: Level '/Game/ThirdPersonBP/Maps/ThirdPersonExampleMap.ThirdPersonExampleMap:PersistentLevel' has LevelScriptBlueprint '/Game/ThirdPersonBP/Maps/ThirdPersonExampleMap.ThirdPersonExampleMap:PersistentLevel.ThirdPersonExampleMap' with GeneratedClass '/Game/ThirdPersonBP/Maps/ThirdPersonExampleMap.ThirdPersonExampleMap_C' with ClassGeneratedBy '/Game/ThirdPersonBP/Maps/ThirdPersonExampleMap.ThirdPersonExampleMap:PersistentLevel.ThirdPersonExampleMap'
[2020.10.25-00.13.42:744][770]LogPlayLevel: PlayLevel: No blueprints needed recompiling
[2020.10.25-00.13.42:746][770]PIE: New page: PIE session: ThirdPersonExampleMap (Oct 24, 2020, 4:13:42 PM)
[2020.10.25-00.13.42:760][770]LogPlayLevel: Creating play world package: /Game/ThirdPersonBP/Maps/UEDPIE_0_ThirdPersonExampleMap
[2020.10.25-00.13.42:775][770]LogPlayLevel: PIE: StaticDuplicateObject took: (0.014428s)
[2020.10.25-00.13.42:777][770]LogAIModule: Creating AISystem for world ThirdPersonExampleMap
[2020.10.25-00.13.42:777][770]LogPlayLevel: PIE: World Init took: (0.001770s)
[2020.10.25-00.13.42:777][770]LogPlayLevel: PIE: Created PIE world by copying editor world from /Game/ThirdPersonBP/Maps/ThirdPersonExampleMap.ThirdPersonExampleMap to /Game/ThirdPersonBP/Maps/UEDPIE_0_ThirdPersonExampleMap.ThirdPersonExampleMap (0.016883s)
[2020.10.25-00.13.42:805][770]LogUObjectHash: Compacting FUObjectHashTables data took   2.18ms
[2020.10.25-00.13.42:838][770]LogInit: XAudio2 using 'Speakers (ROCCAT Khan AIMO)' : 6 channels at 48 kHz using 24 bits per sample (channel mask 0x3f)
[2020.10.25-00.13.42:876][770]LogInit: FAudioDevice initialized.
[2020.10.25-00.13.42:922][770]LogLoad: Game class is 'ThirdPersonGameMode_C'
[2020.10.25-00.13.42:929][770]LogWorld: Bringing World /Game/ThirdPersonBP/Maps/UEDPIE_0_ThirdPersonExampleMap.ThirdPersonExampleMap up for play (max tick rate 60) at 2020.10.24-20.13.42
[2020.10.25-00.13.42:933][770]LogWorld: Bringing up level for play took: 0.008960
[2020.10.25-00.13.42:954][770]LogContentBrowser: Native class hierarchy updated for 'MovieSceneCapture' in 0.0003 seconds. Added 20 classes and 0 folders.
[2020.10.25-00.13.42:960][770]PIE: Play in editor start time for /Game/ThirdPersonBP/Maps/UEDPIE_0_ThirdPersonExampleMap -0.077
[2020.10.25-00.13.42:961][770]LogBlueprintUserMessages: Late PlayInEditor Detection: Level '/Game/ThirdPersonBP/Maps/ThirdPersonExampleMap.ThirdPersonExampleMap:PersistentLevel' has LevelScriptBlueprint '/Game/ThirdPersonBP/Maps/ThirdPersonExampleMap.ThirdPersonExampleMap:PersistentLevel.ThirdPersonExampleMap' with GeneratedClass '/Game/ThirdPersonBP/Maps/ThirdPersonExampleMap.ThirdPersonExampleMap_C' with ClassGeneratedBy '/Game/ThirdPersonBP/Maps/ThirdPersonExampleMap.ThirdPersonExampleMap:PersistentLevel.ThirdPersonExampleMap'
[2020.10.25-00.13.54:264][441]LogBlueprintUserMessages: Early EndPlayMap Detection: Level '/Game/ThirdPersonBP/Maps/ThirdPersonExampleMap.ThirdPersonExampleMap:PersistentLevel' has LevelScriptBlueprint '/Game/ThirdPersonBP/Maps/ThirdPersonExampleMap.ThirdPersonExampleMap:PersistentLevel.ThirdPersonExampleMap' with GeneratedClass '/Game/ThirdPersonBP/Maps/ThirdPersonExampleMap.ThirdPersonExampleMap_C' with ClassGeneratedBy '/Game/ThirdPersonBP/Maps/ThirdPersonExampleMap.ThirdPersonExampleMap:PersistentLevel.ThirdPersonExampleMap'
[2020.10.25-00.13.54:264][441]LogSlate: Updating window title bar state: overlay mode, drag disabled, window buttons hidden, title bar hidden
[2020.10.25-00.13.54:299][441]LogPlayLevel: Display: Shutting down PIE online subsystems
[2020.10.25-00.13.54:299][441]LogBlueprintUserMessages: Late EndPlayMap Detection: Level '/Game/ThirdPersonBP/Maps/ThirdPersonExampleMap.ThirdPersonExampleMap:PersistentLevel' has LevelScriptBlueprint '/Game/ThirdPersonBP/Maps/ThirdPersonExampleMap.ThirdPersonExampleMap:PersistentLevel.ThirdPersonExampleMap' with GeneratedClass '/Game/ThirdPersonBP/Maps/ThirdPersonExampleMap.ThirdPersonExampleMap_C' with ClassGeneratedBy '/Game/ThirdPersonBP/Maps/ThirdPersonExampleMap.ThirdPersonExampleMap:PersistentLevel.ThirdPersonExampleMap'
[2020.10.25-00.13.54:327][441]LogSlate: Updating window title bar state: overlay mode, drag disabled, window buttons hidden, title bar hidden
[2020.10.25-00.13.54:330][441]LogUObjectHash: Compacting FUObjectHashTables data took   1.42ms
[2020.10.25-00.13.54:381][443]LogPlayLevel: Display: Destroying online subsystem :Context_3
[2020.10.25-00.13.56:568][574]LogSlate: FSceneViewport::OnFocusLost() reason 0
[2020.10.25-00.13.58:579][692]LogAssetEditorManager: Opening Asset editor for AnimBlueprint /Game/BP_Project1/BP_Project1/BP_AnimHomework3.BP_AnimHomework3
[2020.10.25-00.13.58:809][692]LogContentBrowser: Native class hierarchy updated for 'SkeletonEditor' in 0.0003 seconds. Added 1 classes and 2 folders.
[2020.10.25-00.13.59:055][692]LogActorComponent: RegisterComponentWithWorld: (/Engine/Transient.World_3:PersistentLevel.AnimationEditorPreviewActor_0.DebugSkelMeshComponent_0) Already registered. Aborting.
[2020.10.25-00.13.59:056][692]LogScript: Warning: Accessed None trying to read property CallFunc_TryGetPawnOwner_ReturnValue
	BP_AnimHomework3_C /Engine/Transient.World_3:PersistentLevel.AnimationEditorPreviewActor_0.DebugSkelMeshComponent_0.BP_AnimHomework3_C_0
	Function /Game/BP_Project1/BP_Project1/BP_AnimHomework3.BP_AnimHomework3_C:ExecuteUbergraph_BP_AnimHomework3:027D
[2020.10.25-00.13.59:056][692]LogScript: Warning: Accessed None trying to read property CallFunc_TryGetPawnOwner_ReturnValue
	BP_AnimHomework3_C /Engine/Transient.World_3:PersistentLevel.AnimationEditorPreviewActor_0.DebugSkelMeshComponent_0.BP_AnimHomework3_C_0
	Function /Game/BP_Project1/BP_Project1/BP_AnimHomework3.BP_AnimHomework3_C:ExecuteUbergraph_BP_AnimHomework3:02B3
[2020.10.25-00.13.59:056][692]LogScript: Warning: Accessed None trying to read property CallFunc_TryGetPawnOwner_ReturnValue
	BP_AnimHomework3_C /Engine/Transient.World_3:PersistentLevel.AnimationEditorPreviewActor_0.DebugSkelMeshComponent_0.BP_AnimHomework3_C_0
	Function /Game/BP_Project1/BP_Project1/BP_AnimHomework3.BP_AnimHomework3_C:ExecuteUbergraph_BP_AnimHomework3:0348
[2020.10.25-00.13.59:062][692]LogContentBrowser: Native class hierarchy updated for 'PinnedCommandList' in 0.0002 seconds. Added 1 classes and 0 folders.
[2020.10.25-00.13.59:376][692]LogContentBrowser: Native class hierarchy updated for 'BlueprintGraph' in 0.0010 seconds. Added 121 classes and 0 folders.
[2020.10.25-00.14.00:288][692]LogSkeletalMesh: USkeletalMeshComponent::InitArticulated : Bodies already created (/Engine/Transient.World_3:PersistentLevel.AnimationEditorPreviewActor_0.DebugSkelMeshComponent_0) - call TermArticulated first.
[2020.10.25-00.14.00:557][692]LogScript: Warning: Accessed None trying to read property CallFunc_TryGetPawnOwner_ReturnValue
	BP_AnimHomework3_C /Engine/Transient.World_3:PersistentLevel.AnimationEditorPreviewActor_0.DebugSkelMeshComponent_0.BP_AnimHomework3_C_0
	Function /Game/BP_Project1/BP_Project1/BP_AnimHomework3.BP_AnimHomework3_C:ExecuteUbergraph_BP_AnimHomework3:027D
[2020.10.25-00.14.00:557][692]LogScript: Warning: Accessed None trying to read property CallFunc_TryGetPawnOwner_ReturnValue
	BP_AnimHomework3_C /Engine/Transient.World_3:PersistentLevel.AnimationEditorPreviewActor_0.DebugSkelMeshComponent_0.BP_AnimHomework3_C_0
	Function /Game/BP_Project1/BP_Project1/BP_AnimHomework3.BP_AnimHomework3_C:ExecuteUbergraph_BP_AnimHomework3:02B3
[2020.10.25-00.14.00:557][692]LogScript: Warning: Accessed None trying to read property CallFunc_TryGetPawnOwner_ReturnValue
	BP_AnimHomework3_C /Engine/Transient.World_3:PersistentLevel.AnimationEditorPreviewActor_0.DebugSkelMeshComponent_0.BP_AnimHomework3_C_0
	Function /Game/BP_Project1/BP_Project1/BP_AnimHomework3.BP_AnimHomework3_C:ExecuteUbergraph_BP_AnimHomework3:0348
[2020.10.25-00.14.00:588][692]LogSlate: Took 0.000643 seconds to synchronously load lazily loaded font '../../../Engine/Content/Slate/Fonts/Roboto-BoldCondensed.ttf' (158K)
[2020.10.25-00.14.00:697][692]LogContentBrowser: Verbose: The majority of assets in the view are of type: AnimSequence
[2020.10.25-00.14.00:708][693]LogScript: Warning: Accessed None trying to read property CallFunc_TryGetPawnOwner_ReturnValue
	BP_AnimHomework3_C /Engine/Transient.World_3:PersistentLevel.AnimationEditorPreviewActor_0.DebugSkelMeshComponent_0.BP_AnimHomework3_C_0
	Function /Game/BP_Project1/BP_Project1/BP_AnimHomework3.BP_AnimHomework3_C:ExecuteUbergraph_BP_AnimHomework3:027D
[2020.10.25-00.14.00:708][693]LogScript: Warning: Accessed None trying to read property CallFunc_TryGetPawnOwner_ReturnValue
	BP_AnimHomework3_C /Engine/Transient.World_3:PersistentLevel.AnimationEditorPreviewActor_0.DebugSkelMeshComponent_0.BP_AnimHomework3_C_0
	Function /Game/BP_Project1/BP_Project1/BP_AnimHomework3.BP_AnimHomework3_C:ExecuteUbergraph_BP_AnimHomework3:02B3
[2020.10.25-00.14.00:708][693]LogScript: Warning: Accessed None trying to read property CallFunc_TryGetPawnOwner_ReturnValue
	BP_AnimHomework3_C /Engine/Transient.World_3:PersistentLevel.AnimationEditorPreviewActor_0.DebugSkelMeshComponent_0.BP_AnimHomework3_C_0
	Function /Game/BP_Project1/BP_Project1/BP_AnimHomework3.BP_AnimHomework3_C:ExecuteUbergraph_BP_AnimHomework3:0348
[2020.10.25-00.14.00:742][694]LogScript: Warning: Accessed None trying to read property CallFunc_TryGetPawnOwner_ReturnValue
	BP_AnimHomework3_C /Engine/Transient.World_3:PersistentLevel.AnimationEditorPreviewActor_0.DebugSkelMeshComponent_0.BP_AnimHomework3_C_0
	Function /Game/BP_Project1/BP_Project1/BP_AnimHomework3.BP_AnimHomework3_C:ExecuteUbergraph_BP_AnimHomework3:027D
[2020.10.25-00.14.00:742][694]LogScript: Warning: Accessed None trying to read property CallFunc_TryGetPawnOwner_ReturnValue
	BP_AnimHomework3_C /Engine/Transient.World_3:PersistentLevel.AnimationEditorPreviewActor_0.DebugSkelMeshComponent_0.BP_AnimHomework3_C_0
	Function /Game/BP_Project1/BP_Project1/BP_AnimHomework3.BP_AnimHomework3_C:ExecuteUbergraph_BP_AnimHomework3:02B3
[2020.10.25-00.14.00:742][694]LogScript: Warning: Accessed None trying to read property CallFunc_TryGetPawnOwner_ReturnValue
	BP_AnimHomework3_C /Engine/Transient.World_3:PersistentLevel.AnimationEditorPreviewActor_0.DebugSkelMeshComponent_0.BP_AnimHomework3_C_0
	Function /Game/BP_Project1/BP_Project1/BP_AnimHomework3.BP_AnimHomework3_C:ExecuteUbergraph_BP_AnimHomework3:0348
[2020.10.25-00.14.00:837][695]LogScript: Warning: Accessed None trying to read property CallFunc_TryGetPawnOwner_ReturnValue
	BP_AnimHomework3_C /Engine/Transient.World_3:PersistentLevel.AnimationEditorPreviewActor_0.DebugSkelMeshComponent_0.BP_AnimHomework3_C_0
	Function /Game/BP_Project1/BP_Project1/BP_AnimHomework3.BP_AnimHomework3_C:ExecuteUbergraph_BP_AnimHomework3:027D
[2020.10.25-00.14.00:838][695]LogScript: Warning: Accessed None trying to read property CallFunc_TryGetPawnOwner_ReturnValue
	BP_AnimHomework3_C /Engine/Transient.World_3:PersistentLevel.AnimationEditorPreviewActor_0.DebugSkelMeshComponent_0.BP_AnimHomework3_C_0
	Function /Game/BP_Project1/BP_Project1/BP_AnimHomework3.BP_AnimHomework3_C:ExecuteUbergraph_BP_AnimHomework3:02B3
[2020.10.25-00.14.05:867][985]LogScript: Warning: Accessed None trying to read property CallFunc_TryGetPawnOwner_ReturnValue
	BP_AnimEnemy_C /Engine/Transient.World_10:PersistentLevel.SkeletalMeshActor_0.SkeletalMeshComponent0.BP_AnimEnemy_C_0
	Function /Game/BP_Project1/BP_Project1/Enemy/BP_AnimEnemy.BP_AnimEnemy_C:ExecuteUbergraph_BP_AnimEnemy:0040
[2020.10.25-00.14.05:867][985]LogScript: Warning: Accessed None trying to read property CallFunc_TryGetPawnOwner_ReturnValue
	BP_AnimEnemy_C /Engine/Transient.World_10:PersistentLevel.SkeletalMeshActor_0.SkeletalMeshComponent0.BP_AnimEnemy_C_0
	Function /Game/BP_Project1/BP_Project1/Enemy/BP_AnimEnemy.BP_AnimEnemy_C:ExecuteUbergraph_BP_AnimEnemy:0076
[2020.10.25-00.16.13:522][594]LogEditorViewport: Clicking on Actor (LMB): BP_Enemy_C (BP_Enemy)
[2020.10.25-00.16.22:802][ 73]LogSlate: FSceneViewport::OnFocusLost() reason 0
[2020.10.25-00.16.23:553][118]LogSlate: Took 0.000779 seconds to synchronously load lazily loaded font '../../../Engine/Content/Slate/Fonts/Roboto-Italic.ttf' (157K)
[2020.10.25-00.16.25:960][261]LogAssetEditorManager: Opening Asset editor for Blueprint /Game/BP_Project1/BP_Project1/Enemy/BP_Enemy.BP_Enemy
[2020.10.25-00.16.28:344][371]LogSlate: Window 'BP_Enemy' being destroyed
[2020.10.25-00.22.28:464][192]LogUObjectHash: Compacting FUObjectHashTables data took   3.40ms
[2020.10.25-00.22.28:464][192]LogFileHelpers: Editor autosave (incl. sublevels) for '/Game/ThirdPersonBP/Maps/ThirdPersonExampleMap' took 0.048
[2020.10.25-00.22.28:468][192]OBJ SavePackage: Generating thumbnails for [1] asset(s) in package [/Game/BP_Project1/BP_Project1/Enemy/BP_Enemy] ([1] browsable assets)...
[2020.10.25-00.22.28:500][192]OBJ SavePackage:     Rendered thumbnail for [Blueprint /Game/BP_Project1/BP_Project1/Enemy/BP_Enemy.BP_Enemy]
[2020.10.25-00.22.28:500][192]OBJ SavePackage: Finished generating thumbnails for package [/Game/BP_Project1/BP_Project1/Enemy/BP_Enemy]
[2020.10.25-00.22.28:566][192]LogSavePackage: Moving '../../../../../../Users/sttau/OneDrive/Documentos/GitHub/Project1/Project1/Saved/BP_Enemy_Auto13D70EC5A42AA8AF8EB2A44A08DBF57DE.tmp' to '../../../../../../Users/sttau/OneDrive/Documentos/GitHub/Project1/Project1/Saved/Autosaves/Game/BP_Project1/BP_Project1/Enemy/BP_Enemy_Auto1.uasset'
[2020.10.25-00.22.28:568][192]LogFileHelpers: Auto-saving content packages took 0.102
[2020.10.25-00.32.31:712][206]LogEditorViewport: Clicking on Actor (LMB): StaticMeshActor (Wall11)
[2020.10.25-00.32.32:429][246]LogEditorViewport: Clicking on Actor (LMB): BP_Sky_Sphere_C (SkySphereBlueprint)
[2020.10.25-00.32.40:318][711]LogSlate: FSceneViewport::OnFocusLost() reason 0
[2020.10.25-00.33.19:765][857]BlueprintLog: New page: Compile BP_Enemy
[2020.10.25-00.33.19:987][857]LogUObjectHash: Compacting FUObjectHashTables data took   3.20ms
[2020.10.25-00.33.20:215][862]LogSavePackage: Moving '../../../../../../Users/sttau/OneDrive/Documentos/GitHub/Project1/Project1/Saved/BP_Enemy080D9AED4987DD89E2194EAC09FEA399.tmp' to '../../../../../../Users/sttau/OneDrive/Documentos/GitHub/Project1/Project1/Content/BP_Project1/BP_Project1/Enemy/BP_Enemy.uasset'
[2020.10.25-00.33.21:776][951]LogUObjectHash: Compacting FUObjectHashTables data took   3.25ms
[2020.10.25-00.33.21:993][951]LogSavePackage: Moving '../../../../../../Users/sttau/OneDrive/Documentos/GitHub/Project1/Project1/Saved/ThirdPersonExampleMapBC4D46D34739F6AB5A5361B7AE1C90CC.tmp' to '../../../../../../Users/sttau/OneDrive/Documentos/GitHub/Project1/Project1/Content/ThirdPersonBP/Maps/ThirdPersonExampleMap.umap'
[2020.10.25-00.33.22:238][951]LogSavePackage: Moving '../../../../../../Users/sttau/OneDrive/Documentos/GitHub/Project1/Project1/Saved/ThirdPersonExampleMap_BuiltData6B48C9F34C90F063080A83A3A40F19B7.tmp' to '../../../../../../Users/sttau/OneDrive/Documentos/GitHub/Project1/Project1/Content/ThirdPersonBP/Maps/ThirdPersonExampleMap_BuiltData.uasset'
[2020.10.25-06.13.42:650][360]LogUObjectHash: Compacting FUObjectHashTables data took   8.98ms
[2020.10.25-06.13.42:851][360]LogSlate: Window 'Project1 - Unreal Editor' being destroyed
[2020.10.25-06.13.42:854][360]LogWindowsTextInputMethodSystem: Display: IME system now deactivated.
[2020.10.25-06.13.43:118][361]Cmd: QUIT_EDITOR
[2020.10.25-06.13.43:844][361]LogExit: Preparing to exit.
[2020.10.25-06.13.45:092][361]LogExit: Editor shut down
[2020.10.25-06.13.45:093][361]LogExit: Transaction tracking system shut down
[2020.10.25-06.13.45:407][361]LogExit: Object subsystem successfully closed.
[2020.10.25-06.13.45:436][361]LogShaderCompilers: Display: Shaders left to compile 0
[2020.10.25-06.13.45:441][361]LogD3D11RHI: Shutdown
[2020.10.25-06.13.45:442][361]LogD3D11RHI: CleanupD3DDevice
[2020.10.25-06.13.45:444][361]LogRendererCore: FGlobalReadBuffer::ReleaseRHI
[2020.10.25-06.13.45:444][361]LogRendererCore: FGlobalDynamicReadBuffer::Cleanup()
[2020.10.25-06.13.45:444][361]LogRendererCore: FGlobalReadBuffer::ReleaseRHI
[2020.10.25-06.13.45:444][361]LogRendererCore: FGlobalDynamicReadBuffer::Cleanup()
[2020.10.25-06.13.45:444][361]LogRendererCore: FGlobalReadBuffer::ReleaseRHI
[2020.10.25-06.13.45:444][361]LogRendererCore: FGlobalDynamicReadBuffer::Cleanup()
[2020.10.25-06.13.45:614][361]LogD3D11RHI: ~FD3D11DynamicRHI
[2020.10.25-06.13.45:651][361]LogModuleManager: Shutting down and abandoning module BlueprintGraph (652)
[2020.10.25-06.13.45:651][361]LogModuleManager: Shutting down and abandoning module PinnedCommandList (650)
[2020.10.25-06.13.45:651][361]LogModuleManager: Shutting down and abandoning module SkeletonEditor (648)
[2020.10.25-06.13.45:651][361]LogModuleManager: Shutting down and abandoning module MovieSceneCapture (646)
[2020.10.25-06.13.45:651][361]LogModuleManager: Shutting down and abandoning module Voice (644)
[2020.10.25-06.13.45:651][361]LogModuleManager: Shutting down and abandoning module HierarchicalLODOutliner (642)
[2020.10.25-06.13.45:651][361]LogModuleManager: Shutting down and abandoning module SceneOutliner (640)
[2020.10.25-06.13.45:651][361]LogModuleManager: Shutting down and abandoning module AddContentDialog (638)
[2020.10.25-06.13.45:655][361]LogModuleManager: Shutting down and abandoning module WidgetCarousel (637)
[2020.10.25-06.13.45:655][361]LogModuleManager: Shutting down and abandoning module EditorWidgets (634)
[2020.10.25-06.13.45:655][361]LogModuleManager: Shutting down and abandoning module CollectionManager (632)
[2020.10.25-06.13.45:655][361]LogModuleManager: Shutting down and abandoning module StatsViewer (630)
[2020.10.25-06.13.45:655][361]LogModuleManager: Shutting down and abandoning module FoliageEdit (628)
[2020.10.25-06.13.45:655][361]LogModuleManager: Shutting down and abandoning module LandscapeEditor (626)
[2020.10.25-06.13.45:655][361]LogModuleManager: Shutting down and abandoning module MeshPaintMode (624)
[2020.10.25-06.13.45:656][361]LogModuleManager: Shutting down and abandoning module SceneDepthPickerMode (622)
[2020.10.25-06.13.45:656][361]LogModuleManager: Shutting down and abandoning module ActorPickerMode (620)
[2020.10.25-06.13.45:656][361]LogModuleManager: Shutting down and abandoning module GeometryMode (618)
[2020.10.25-06.13.45:656][361]LogModuleManager: Shutting down and abandoning module TextureAlignMode (616)
[2020.10.25-06.13.45:656][361]LogModuleManager: Shutting down and abandoning module BspMode (614)
[2020.10.25-06.13.45:656][361]LogModuleManager: Shutting down and abandoning module PIEPreviewDeviceProfileSelector (612)
[2020.10.25-06.13.45:656][361]LogModuleManager: Shutting down and abandoning module SequenceRecorderSections (610)
[2020.10.25-06.13.45:656][361]LogModuleManager: Shutting down and abandoning module AutomationWorker (608)
[2020.10.25-06.13.45:656][361]LogModuleManager: Shutting down and abandoning module OculusMR (606)
[2020.10.25-06.13.45:656][361]LogModuleManager: Shutting down and abandoning module AudioCaptureEditor (604)
[2020.10.25-06.13.45:656][361]LogModuleManager: Shutting down and abandoning module MatineeToLevelSequence (602)
[2020.10.25-06.13.45:656][361]LogModuleManager: Shutting down and abandoning module LevelSequenceEditor (600)
[2020.10.25-06.13.45:656][361]LogModuleManager: Shutting down and abandoning module PlacementMode (599)
[2020.10.25-06.13.45:656][361]LogModuleManager: Shutting down and abandoning module MaterialEditor (598)
[2020.10.25-06.13.45:656][361]LogModuleManager: Shutting down and abandoning module ActorSequenceEditor (594)
[2020.10.25-06.13.45:656][361]LogModuleManager: Shutting down and abandoning module WmfMediaFactory (592)
[2020.10.25-06.13.45:656][361]LogModuleManager: Shutting down and abandoning module WmfMediaEditor (590)
[2020.10.25-06.13.45:656][361]LogModuleManager: Shutting down and abandoning module WebMMediaFactory (588)
[2020.10.25-06.13.45:656][361]LogModuleManager: Shutting down and abandoning module WebMMediaEditor (586)
[2020.10.25-06.13.45:656][361]LogModuleManager: Shutting down and abandoning module WebMMedia (584)
[2020.10.25-06.13.45:656][361]LogModuleManager: Shutting down and abandoning module MediaPlayerEditor (582)
[2020.10.25-06.13.45:656][361]LogModuleManager: Shutting down and abandoning module MediaCompositingEditor (580)
[2020.10.25-06.13.45:656][361]LogModuleManager: Shutting down and abandoning module SequenceRecorder (579)
[2020.10.25-06.13.45:656][361]LogModuleManager: Shutting down and abandoning module OpenExrWrapper (576)
[2020.10.25-06.13.45:656][361]LogModuleManager: Shutting down and abandoning module ImgMediaFactory (574)
[2020.10.25-06.13.45:656][361]LogModuleManager: Shutting down and abandoning module ImgMediaEditor (572)
[2020.10.25-06.13.45:656][361]LogModuleManager: Shutting down and abandoning module AvfMediaFactory (570)
[2020.10.25-06.13.45:656][361]LogModuleManager: Shutting down and abandoning module AvfMediaEditor (568)
[2020.10.25-06.13.45:657][361]LogModuleManager: Shutting down and abandoning module AndroidMediaFactory (566)
[2020.10.25-06.13.45:657][361]LogModuleManager: Shutting down and abandoning module AndroidMediaEditor (564)
[2020.10.25-06.13.45:657][361]LogModuleManager: Shutting down and abandoning module MagicLeapCameraPreviewFactory (562)
[2020.10.25-06.13.45:657][361]LogModuleManager: Shutting down and abandoning module MagicLeapMediaCodecFactory (560)
[2020.10.25-06.13.45:657][361]LogModuleManager: Shutting down and abandoning module MagicLeapMediaFactory (558)
[2020.10.25-06.13.45:657][361]LogModuleManager: Shutting down and abandoning module MagicLeapMediaEditor (556)
[2020.10.25-06.13.45:657][361]LogModuleManager: Shutting down and abandoning module CharacterAI (554)
[2020.10.25-06.13.45:657][361]LogModuleManager: Shutting down and abandoning module SmartSnapping (552)
[2020.10.25-06.13.45:657][361]LogModuleManager: Shutting down and abandoning module SessionServices (550)
[2020.10.25-06.13.45:657][361]LogModuleManager: Shutting down and abandoning module MeshPaint (548)
[2020.10.25-06.13.45:657][361]LogModuleManager: Shutting down and abandoning module ViewportSnapping (546)
[2020.10.25-06.13.45:657][361]LogModuleManager: Shutting down and abandoning module ViewportInteraction (544)
[2020.10.25-06.13.45:657][361]LogModuleManager: Shutting down and abandoning module ClothPainter (542)
[2020.10.25-06.13.45:657][361]LogModuleManager: Shutting down and abandoning module SkeletalMeshEditor (541)
[2020.10.25-06.13.45:657][361]LogModuleManager: Shutting down and abandoning module LogVisualizer (538)
[2020.10.25-06.13.45:657][361]LogModuleManager: Shutting down and abandoning module IntroTutorials (536)
[2020.10.25-06.13.45:658][361]LogModuleManager: Shutting down and abandoning module GameProjectGeneration (535)
[2020.10.25-06.13.45:658][361]LogModuleManager: Shutting down and abandoning module LuminPlatformEditor (532)
[2020.10.25-06.13.45:658][361]LogModuleManager: Shutting down and abandoning module IOSPlatformEditor (530)
[2020.10.25-06.13.45:658][361]LogModuleManager: Shutting down and abandoning module HTML5PlatformEditor (528)
[2020.10.25-06.13.45:658][361]LogModuleManager: Shutting down and abandoning module AndroidPlatformEditor (526)
[2020.10.25-06.13.45:658][361]LogModuleManager: Shutting down and abandoning module AndroidDeviceDetection (525)
[2020.10.25-06.13.47:569][361]LogModuleManager: Shutting down and abandoning module WindowsPlatformEditor (522)
[2020.10.25-06.13.47:569][361]LogModuleManager: Shutting down and abandoning module LuminRuntimeSettings (520)
[2020.10.25-06.13.47:569][361]LogModuleManager: Shutting down and abandoning module IOSRuntimeSettings (518)
[2020.10.25-06.13.47:569][361]LogModuleManager: Shutting down and abandoning module AndroidRuntimeSettings (516)
[2020.10.25-06.13.47:569][361]LogModuleManager: Shutting down and abandoning module TimeManagementEditor (514)
[2020.10.25-06.13.47:569][361]LogModuleManager: Shutting down and abandoning module InputBindingEditor (512)
[2020.10.25-06.13.47:570][361]LogModuleManager: Shutting down and abandoning module MergeActors (510)
[2020.10.25-06.13.47:570][361]LogModuleManager: Shutting down and abandoning module LocalizationDashboard (508)
[2020.10.25-06.13.47:570][361]LogModuleManager: Shutting down and abandoning module LocalizationService (507)
[2020.10.25-06.13.47:570][361]LogModuleManager: Shutting down and abandoning module HardwareTargeting (504)
[2020.10.25-06.13.47:570][361]LogModuleManager: Shutting down and abandoning module DeviceProfileEditor (502)
[2020.10.25-06.13.47:570][361]LogModuleManager: Shutting down and abandoning module UndoHistory (500)
[2020.10.25-06.13.47:570][361]LogModuleManager: Shutting down and abandoning module XmlParser (498)
[2020.10.25-06.13.47:570][361]LogModuleManager: Shutting down and abandoning module Blutility (496)
[2020.10.25-06.13.47:570][361]LogModuleManager: Shutting down and abandoning module ProjectSettingsViewer (494)
[2020.10.25-06.13.47:571][361]LogModuleManager: Shutting down and abandoning module ProjectTargetPlatformEditor (493)
[2020.10.25-06.13.47:571][361]LogModuleManager: Shutting down and abandoning module EditorSettingsViewer (490)
[2020.10.25-06.13.47:572][361]LogModuleManager: Shutting down and abandoning module SettingsEditor (488)
[2020.10.25-06.13.47:572][361]LogModuleManager: Shutting down and abandoning module ProjectLauncher (486)
[2020.10.25-06.13.47:572][361]LogModuleManager: Shutting down and abandoning module SessionFrontend (484)
[2020.10.25-06.13.47:572][361]LogModuleManager: Shutting down and abandoning module ProfilerClient (482)
[2020.10.25-06.13.47:572][361]LogModuleManager: Shutting down and abandoning module DeviceManager (480)
[2020.10.25-06.13.47:572][361]LogModuleManager: Shutting down and abandoning module TargetDeviceServices (479)
